14:42:55,226 INFO  [Server] Starting JBoss (MX MicroKernel)...
14:42:55,226 INFO  [Server] Release ID: JBoss [Trinity] 4.2.3.GA (build: SVNTag=JBoss_4_2_3_GA date=200807181417)
14:42:55,227 DEBUG [Server] Using config: org.jboss.system.server.ServerConfigImpl@79730a32
14:42:55,227 DEBUG [Server] Server type: class org.jboss.system.server.ServerImpl
14:42:55,227 DEBUG [Server] Server loaded through: org.jboss.system.server.NoAnnotationURLClassLoader
14:42:55,227 DEBUG [Server] Boot URLs:
14:42:55,227 DEBUG [Server]   file:/mnt/c/Users/Ajay.K/desktop/new-folder/dcm4chee-2.17.1-psql/lib/endorsed/serializer.jar
14:42:55,228 DEBUG [Server]   file:/mnt/c/Users/Ajay.K/desktop/new-folder/dcm4chee-2.17.1-psql/lib/endorsed/xalan.jar
14:42:55,228 DEBUG [Server]   file:/mnt/c/Users/Ajay.K/desktop/new-folder/dcm4chee-2.17.1-psql/lib/endorsed/xercesImpl.jar
14:42:55,228 DEBUG [Server]   file:/mnt/c/Users/Ajay.K/desktop/new-folder/dcm4chee-2.17.1-psql/lib/jboss-jmx.jar
14:42:55,228 DEBUG [Server]   file:/mnt/c/Users/Ajay.K/desktop/new-folder/dcm4chee-2.17.1-psql/lib/concurrent.jar
14:42:55,228 DEBUG [Server]   file:/mnt/c/Users/Ajay.K/desktop/new-folder/dcm4chee-2.17.1-psql/lib/log4j-boot.jar
14:42:55,228 DEBUG [Server]   file:/mnt/c/Users/Ajay.K/desktop/new-folder/dcm4chee-2.17.1-psql/lib/jboss-common.jar
14:42:55,228 DEBUG [Server]   file:/mnt/c/Users/Ajay.K/desktop/new-folder/dcm4chee-2.17.1-psql/lib/jboss-system.jar
14:42:55,229 DEBUG [Server]   file:/mnt/c/Users/Ajay.K/desktop/new-folder/dcm4chee-2.17.1-psql/lib/jboss-xml-binding.jar
14:42:55,229 INFO  [Server] Home Dir: /mnt/c/Users/Ajay.K/desktop/new-folder/dcm4chee-2.17.1-psql
14:42:55,229 INFO  [Server] Home URL: file:/mnt/c/Users/Ajay.K/desktop/new-folder/dcm4chee-2.17.1-psql/
14:42:55,229 DEBUG [Server] Library URL: file:/mnt/c/Users/Ajay.K/desktop/new-folder/dcm4chee-2.17.1-psql/lib/
14:42:55,230 INFO  [Server] Patch URL: null
14:42:55,230 INFO  [Server] Server Name: default
14:42:55,230 INFO  [Server] Server Home Dir: /mnt/c/Users/Ajay.K/desktop/new-folder/dcm4chee-2.17.1-psql/server/default
14:42:55,231 INFO  [Server] Server Home URL: file:/mnt/c/Users/Ajay.K/desktop/new-folder/dcm4chee-2.17.1-psql/server/default/
14:42:55,231 INFO  [Server] Server Log Dir: /mnt/c/Users/Ajay.K/desktop/new-folder/dcm4chee-2.17.1-psql/server/default/log
14:42:55,231 DEBUG [Server] Server Data Dir: /mnt/c/Users/Ajay.K/desktop/new-folder/dcm4chee-2.17.1-psql/server/default/data
14:42:55,231 INFO  [Server] Server Temp Dir: /mnt/c/Users/Ajay.K/desktop/new-folder/dcm4chee-2.17.1-psql/server/default/tmp
14:42:55,232 DEBUG [Server] Server Config URL: file:/mnt/c/Users/Ajay.K/desktop/new-folder/dcm4chee-2.17.1-psql/server/default/conf/
14:42:55,232 DEBUG [Server] Server Library URL: file:/mnt/c/Users/Ajay.K/desktop/new-folder/dcm4chee-2.17.1-psql/server/default/lib/
14:42:55,232 INFO  [Server] Root Deployment Filename: jboss-service.xml
14:42:55,234 DEBUG [Server] Starting General Purpose Architecture (GPA)...
14:42:55,299 DEBUG [Server] Created MBeanServer: org.jboss.mx.server.MBeanServerImpl@52ca3df1[ defaultDomain='jboss' ]
14:42:55,307 DEBUG [Server] Boot url list: [file:/mnt/c/Users/Ajay.K/desktop/new-folder/dcm4chee-2.17.1-psql/server/default/conf/]
14:42:55,307 DEBUG [Server] Creating loader for URL: file:/mnt/c/Users/Ajay.K/desktop/new-folder/dcm4chee-2.17.1-psql/server/default/conf/
14:42:55,310 DEBUG [RepositoryClassLoader] setRepository, repository=org.jboss.mx.loading.UnifiedLoaderRepository3@6a19be02, cl=org.jboss.mx.loading.UnifiedClassLoader3@597c8127{ url=file:/mnt/c/Users/Ajay.K/desktop/new-folder/dcm4chee-2.17.1-psql/server/default/conf/ ,addedOrder=0}
14:42:55,310 DEBUG [RepositoryClassLoader] setRepository, repository=org.jboss.mx.loading.UnifiedLoaderRepository3@6a19be02, cl=org.jboss.mx.loading.UnifiedClassLoader3@597c8127{ url=file:/mnt/c/Users/Ajay.K/desktop/new-folder/dcm4chee-2.17.1-psql/server/default/conf/ ,addedOrder=0}
14:42:55,311 DEBUG [UnifiedLoaderRepository3] Adding org.jboss.mx.loading.UnifiedClassLoader3@597c8127{ url=file:/mnt/c/Users/Ajay.K/desktop/new-folder/dcm4chee-2.17.1-psql/server/default/conf/ ,addedOrder=0}
14:42:56,182 DEBUG [Server] Failed to create xmbean for: org.jboss.system.server.ServerInfo
14:42:56,184 INFO  [ServerInfo] Java version: 1.8.0_392,Private Build
14:42:56,184 INFO  [ServerInfo] Java VM: OpenJDK 64-Bit Server VM 25.392-b08,Private Build
14:42:56,184 INFO  [ServerInfo] OS-System: Linux 5.10.16.3-microsoft-standard-WSL2,amd64
14:42:56,185 DEBUG [ServerInfo] Full System Properties Dump
14:42:56,185 DEBUG [ServerInfo]     java.vendor: Private Build
14:42:56,185 DEBUG [ServerInfo]     sun.java.launcher: SUN_STANDARD
14:42:56,185 DEBUG [ServerInfo]     sun.management.compiler: HotSpot 64-Bit Tiered Compilers
14:42:56,186 DEBUG [ServerInfo]     os.name: Linux
14:42:56,186 DEBUG [ServerInfo]     sun.boot.class.path: /mnt/c/Users/Ajay.K/desktop/new-folder/dcm4chee-2.17.1-psql/lib/endorsed/serializer.jar:/mnt/c/Users/Ajay.K/desktop/new-folder/dcm4chee-2.17.1-psql/lib/endorsed/xalan.jar:/mnt/c/Users/Ajay.K/desktop/new-folder/dcm4chee-2.17.1-psql/lib/endorsed/xercesImpl.jar:/usr/lib/jvm/java-8-openjdk-amd64/jre/lib/resources.jar:/usr/lib/jvm/java-8-openjdk-amd64/jre/lib/rt.jar:/usr/lib/jvm/java-8-openjdk-amd64/jre/lib/sunrsasign.jar:/usr/lib/jvm/java-8-openjdk-amd64/jre/lib/jsse.jar:/usr/lib/jvm/java-8-openjdk-amd64/jre/lib/jce.jar:/usr/lib/jvm/java-8-openjdk-amd64/jre/lib/charsets.jar:/usr/lib/jvm/java-8-openjdk-amd64/jre/lib/jfr.jar:/usr/lib/jvm/java-8-openjdk-amd64/jre/classes
14:42:56,186 DEBUG [ServerInfo]     java.vm.specification.vendor: Oracle Corporation
14:42:56,186 DEBUG [ServerInfo]     java.runtime.version: 1.8.0_392-8u392-ga-1~22.04-b08
14:42:56,186 DEBUG [ServerInfo]     user.name: root
14:42:56,186 DEBUG [ServerInfo]     jboss.bind.address: 0.0.0.0
14:42:56,187 DEBUG [ServerInfo]     jboss.home.dir: /mnt/c/Users/Ajay.K/desktop/new-folder/dcm4chee-2.17.1-psql
14:42:56,187 DEBUG [ServerInfo]     user.language: en
14:42:56,187 DEBUG [ServerInfo]     jboss.messaging.ServerPeerID: 0
14:42:56,187 DEBUG [ServerInfo]     sun.boot.library.path: /usr/lib/jvm/java-8-openjdk-amd64/jre/lib/amd64
14:42:56,187 DEBUG [ServerInfo]     jboss.home.url: file:/mnt/c/Users/Ajay.K/desktop/new-folder/dcm4chee-2.17.1-psql/
14:42:56,188 DEBUG [ServerInfo]     java.version: 1.8.0_392
14:42:56,188 DEBUG [ServerInfo]     user.timezone: Asia/Calcutta
14:42:56,188 DEBUG [ServerInfo]     java.net.preferIPv4Stack: true
14:42:56,188 DEBUG [ServerInfo]     jboss.server.home.dir: /mnt/c/Users/Ajay.K/desktop/new-folder/dcm4chee-2.17.1-psql/server/default
14:42:56,188 DEBUG [ServerInfo]     jgroups.bind_addr: YSI0133.Youngsoftindia.local
14:42:56,189 DEBUG [ServerInfo]     sun.arch.data.model: 64
14:42:56,189 DEBUG [ServerInfo]     java.endorsed.dirs: /mnt/c/Users/Ajay.K/desktop/new-folder/dcm4chee-2.17.1-psql/lib/endorsed
14:42:56,189 DEBUG [ServerInfo]     jboss.server.home.url: file:/mnt/c/Users/Ajay.K/desktop/new-folder/dcm4chee-2.17.1-psql/server/default/
14:42:56,189 DEBUG [ServerInfo]     sun.cpu.isalist: 
14:42:56,189 DEBUG [ServerInfo]     sun.jnu.encoding: UTF-8
14:42:56,189 DEBUG [ServerInfo]     file.encoding.pkg: sun.io
14:42:56,189 DEBUG [ServerInfo]     file.separator: /
14:42:56,190 DEBUG [ServerInfo]     java.specification.name: Java Platform API Specification
14:42:56,190 DEBUG [ServerInfo]     java.class.version: 52.0
14:42:56,190 DEBUG [ServerInfo]     jboss.server.config.url: file:/mnt/c/Users/Ajay.K/desktop/new-folder/dcm4chee-2.17.1-psql/server/default/conf/
14:42:56,190 DEBUG [ServerInfo]     java.home: /usr/lib/jvm/java-8-openjdk-amd64/jre
14:42:56,190 DEBUG [ServerInfo]     java.vm.info: mixed mode
14:42:56,190 DEBUG [ServerInfo]     jboss.lib.url: file:/mnt/c/Users/Ajay.K/desktop/new-folder/dcm4chee-2.17.1-psql/lib/
14:42:56,191 DEBUG [ServerInfo]     bind.address: YSI0133.Youngsoftindia.local
14:42:56,191 DEBUG [ServerInfo]     os.version: 5.10.16.3-microsoft-standard-WSL2
14:42:56,191 DEBUG [ServerInfo]     path.separator: :
14:42:56,191 DEBUG [ServerInfo]     java.vm.version: 25.392-b08
14:42:56,191 DEBUG [ServerInfo]     java.protocol.handler.pkgs: org.jboss.net.protocol
14:42:56,191 DEBUG [ServerInfo]     java.awt.printerjob: sun.print.PSPrinterJob
14:42:56,192 DEBUG [ServerInfo]     sun.io.unicode.encoding: UnicodeLittle
14:42:56,192 DEBUG [ServerInfo]     java.specification.maintenance.version: 5
14:42:56,192 DEBUG [ServerInfo]     awt.toolkit: sun.awt.X11.XToolkit
14:42:56,192 DEBUG [ServerInfo]     jboss.server.temp.dir: /mnt/c/Users/Ajay.K/desktop/new-folder/dcm4chee-2.17.1-psql/server/default/tmp
14:42:56,192 DEBUG [ServerInfo]     sun.rmi.dgc.client.gcInterval: 3600000
14:42:56,192 DEBUG [ServerInfo]     user.home: /root
14:42:56,193 DEBUG [ServerInfo]     java.specification.vendor: Oracle Corporation
14:42:56,193 DEBUG [ServerInfo]     java.library.path: /mnt/c/Users/Ajay.K/desktop/new-folder/dcm4chee-2.17.1-psql/bin/native
14:42:56,193 DEBUG [ServerInfo]     java.vendor.url: http://java.oracle.com/
14:42:56,193 DEBUG [ServerInfo]     program.name: run.sh
14:42:56,193 DEBUG [ServerInfo]     java.vm.vendor: Private Build
14:42:56,193 DEBUG [ServerInfo]     sun.rmi.dgc.server.gcInterval: 3600000
14:42:56,194 DEBUG [ServerInfo]     java.runtime.name: OpenJDK Runtime Environment
14:42:56,194 DEBUG [ServerInfo]     sun.java.command: org.jboss.Main -b 0.0.0.0
14:42:56,194 DEBUG [ServerInfo]     java.class.path: /mnt/c/Users/Ajay.K/desktop/new-folder/dcm4chee-2.17.1-psql/bin/run.jar
14:42:56,194 DEBUG [ServerInfo]     jboss.server.log.dir: /mnt/c/Users/Ajay.K/desktop/new-folder/dcm4chee-2.17.1-psql/server/default/log
14:42:56,194 DEBUG [ServerInfo]     jbossmx.loader.repository.class: org.jboss.mx.loading.UnifiedLoaderRepository3
14:42:56,195 DEBUG [ServerInfo]     app.name: dcm4chee
14:42:56,195 DEBUG [ServerInfo]     java.vm.specification.name: Java Virtual Machine Specification
14:42:56,195 DEBUG [ServerInfo]     java.vm.specification.version: 1.8
14:42:56,195 DEBUG [ServerInfo]     sun.cpu.endian: little
14:42:56,195 DEBUG [ServerInfo]     sun.os.patch.level: unknown
14:42:56,196 DEBUG [ServerInfo]     jboss.server.lib.url: file:/mnt/c/Users/Ajay.K/desktop/new-folder/dcm4chee-2.17.1-psql/server/default/lib/
14:42:56,196 DEBUG [ServerInfo]     java.awt.headless: true
14:42:56,196 DEBUG [ServerInfo]     java.io.tmpdir: /tmp
14:42:56,196 DEBUG [ServerInfo]     java.vendor.url.bug: http://bugreport.sun.com/bugreport/
14:42:56,197 DEBUG [ServerInfo]     jboss.server.data.dir: /mnt/c/Users/Ajay.K/desktop/new-folder/dcm4chee-2.17.1-psql/server/default/data
14:42:56,197 DEBUG [ServerInfo]     java.rmi.server.hostname: YSI0133.Youngsoftindia.local
14:42:56,197 DEBUG [ServerInfo]     os.arch: amd64
14:42:56,197 DEBUG [ServerInfo]     java.awt.graphicsenv: sun.awt.X11GraphicsEnvironment
14:42:56,197 DEBUG [ServerInfo]     java.ext.dirs: /usr/lib/jvm/java-8-openjdk-amd64/jre/lib/ext:/usr/java/packages/lib/ext
14:42:56,198 DEBUG [ServerInfo]     user.dir: /mnt/c/Users/Ajay.K/desktop/new-folder/dcm4chee-2.17.1-psql/bin
14:42:56,198 DEBUG [ServerInfo]     line.separator: 

14:42:56,198 DEBUG [ServerInfo]     java.vm.name: OpenJDK 64-Bit Server VM
14:42:56,199 DEBUG [ServerInfo]     jboss.server.base.dir: /mnt/c/Users/Ajay.K/desktop/new-folder/dcm4chee-2.17.1-psql/server
14:42:56,199 DEBUG [ServerInfo]     jboss.server.base.url: file:/mnt/c/Users/Ajay.K/desktop/new-folder/dcm4chee-2.17.1-psql/server/
14:42:56,199 DEBUG [ServerInfo]     javax.management.builder.initial: org.jboss.mx.server.MBeanServerBuilderImpl
14:42:56,199 DEBUG [ServerInfo]     file.encoding: UTF-8
14:42:56,200 DEBUG [ServerInfo]     java.specification.version: 1.8
14:42:56,200 DEBUG [ServerInfo]     javax.xml.transform.TransformerFactory: com.sun.org.apache.xalan.internal.xsltc.trax.TransformerFactoryImpl
14:42:56,200 DEBUG [ServerInfo]     jboss.server.name: default
14:42:56,203 DEBUG [Server] Created system MBean: jboss.system:type=ServerInfo
14:42:56,212 DEBUG [Server] Failed to create xmbean for: org.jboss.system.ServiceController
14:42:56,227 DEBUG [ServiceController] Controller MBean online
14:42:56,228 DEBUG [Server] Created system MBean: jboss.system:service=ServiceController
14:42:56,294 DEBUG [Server] Created system XMBean: jboss.system:service=MainDeployer
14:42:56,295 DEBUG [ServiceController] Creating service jboss.system:service=MainDeployer
14:42:56,298 DEBUG [MainDeployer] Creating jboss.system:service=MainDeployer
14:42:56,310 DEBUG [Files] Failed to delete dir: /mnt/c/Users/Ajay.K/desktop/new-folder/dcm4chee-2.17.1-psql/server/default/tmp/deploy
14:42:56,318 DEBUG [MainDeployer] Created jboss.system:service=MainDeployer
14:42:56,318 DEBUG [ServiceController] Creating dependent components for: jboss.system:service=MainDeployer dependents are: []
14:42:56,319 DEBUG [ServiceController] starting service jboss.system:service=MainDeployer
14:42:56,319 DEBUG [MainDeployer] Starting jboss.system:service=MainDeployer
14:42:56,319 DEBUG [MainDeployer] Started jboss.system:service=MainDeployer
14:42:56,319 DEBUG [ServiceController] Starting dependent components for: jboss.system:service=MainDeployer dependent components: []
14:42:56,320 DEBUG [Server] Shutdown hook added
14:42:56,366 DEBUG [Server] Created system XMBean: jboss.system:service=JARDeployer
14:42:56,366 DEBUG [ServiceController] Creating service jboss.system:service=JARDeployer
14:42:56,367 DEBUG [JARDeployer] Creating jboss.system:service=JARDeployer
14:42:56,371 DEBUG [JARDeployer] Created jboss.system:service=JARDeployer
14:42:56,371 DEBUG [ServiceController] Creating dependent components for: jboss.system:service=JARDeployer dependents are: []
14:42:56,371 DEBUG [ServiceController] starting service jboss.system:service=JARDeployer
14:42:56,371 DEBUG [JARDeployer] Starting jboss.system:service=JARDeployer
14:42:56,372 DEBUG [MainDeployer] Adding deployer: org.jboss.deployment.JARDeployer@5fe555d6
14:42:56,372 DEBUG [SuffixOrderHelper] Static suffix exists; ignoring request for adding enhanced suffix: 700:.jar
14:42:56,372 DEBUG [JARDeployer] Started jboss.system:service=JARDeployer
14:42:56,373 DEBUG [ServiceController] Starting dependent components for: jboss.system:service=JARDeployer dependent components: []
14:42:56,393 DEBUG [Server] Created system XMBean: jboss.system:service=ServiceDeployer
14:42:56,393 DEBUG [ServiceController] Creating service jboss.system:service=ServiceDeployer
14:42:56,393 DEBUG [SARDeployer] Creating jboss.system:service=ServiceDeployer
14:42:56,397 DEBUG [SARDeployer] Created jboss.system:service=ServiceDeployer
14:42:56,397 DEBUG [ServiceController] Creating dependent components for: jboss.system:service=ServiceDeployer dependents are: []
14:42:56,397 DEBUG [ServiceController] starting service jboss.system:service=ServiceDeployer
14:42:56,398 DEBUG [SARDeployer] Starting jboss.system:service=ServiceDeployer
14:42:56,398 DEBUG [MainDeployer] Adding deployer: org.jboss.deployment.SARDeployer@5257e258
14:42:56,400 DEBUG [SARDeployer] Started jboss.system:service=ServiceDeployer
14:42:56,400 DEBUG [ServiceController] Starting dependent components for: jboss.system:service=ServiceDeployer dependent components: []
14:42:56,400 INFO  [Server] Core system initialized
14:42:56,409 DEBUG [MainDeployer] Starting deployment of package: file:/mnt/c/Users/Ajay.K/desktop/new-folder/dcm4chee-2.17.1-psql/server/default/conf/jboss-service.xml
14:42:56,409 DEBUG [MainDeployer] Starting deployment (init step) of package at: file:/mnt/c/Users/Ajay.K/desktop/new-folder/dcm4chee-2.17.1-psql/server/default/conf/jboss-service.xml
14:42:56,434 DEBUG [MainDeployer] Copying file:/mnt/c/Users/Ajay.K/desktop/new-folder/dcm4chee-2.17.1-psql/server/default/conf/jboss-service.xml -> /mnt/c/Users/Ajay.K/desktop/new-folder/dcm4chee-2.17.1-psql/server/default/tmp/deploy/tmp1158745519711765893jboss-service.xml
14:42:56,455 DEBUG [MainDeployer] using deployer org.jboss.deployment.SARDeployer@5257e258
14:42:56,496 DEBUG [SARDeployer] Found classpath element: [classpath: null]
14:42:56,500 DEBUG [SARDeployer] codebase URL is file:/mnt/c/Users/Ajay.K/desktop/new-folder/dcm4chee-2.17.1-psql/server/default/lib/
14:42:56,500 DEBUG [SARDeployer] listing codebase for archives matching *
14:42:56,504 DEBUG [SARDeployer] URLLister class is org.jboss.net.protocol.file.FileURLLister
14:42:56,598 DEBUG [SARDeployer] deployed classes for file:/mnt/c/Users/Ajay.K/desktop/new-folder/dcm4chee-2.17.1-psql/server/default/lib/activation.jar
14:42:56,598 DEBUG [SARDeployer] deployed classes for file:/mnt/c/Users/Ajay.K/desktop/new-folder/dcm4chee-2.17.1-psql/server/default/lib/antlr.jar
14:42:56,598 DEBUG [SARDeployer] deployed classes for file:/mnt/c/Users/Ajay.K/desktop/new-folder/dcm4chee-2.17.1-psql/server/default/lib/autonumber-plugin.jar
14:42:56,599 DEBUG [SARDeployer] deployed classes for file:/mnt/c/Users/Ajay.K/desktop/new-folder/dcm4chee-2.17.1-psql/server/default/lib/avalon-framework-4.2.0.jar
14:42:56,599 DEBUG [SARDeployer] deployed classes for file:/mnt/c/Users/Ajay.K/desktop/new-folder/dcm4chee-2.17.1-psql/server/default/lib/batik-all-1.7.jar
14:42:56,599 DEBUG [SARDeployer] deployed classes for file:/mnt/c/Users/Ajay.K/desktop/new-folder/dcm4chee-2.17.1-psql/server/default/lib/bcel.jar
14:42:56,599 DEBUG [SARDeployer] deployed classes for file:/mnt/c/Users/Ajay.K/desktop/new-folder/dcm4chee-2.17.1-psql/server/default/lib/bindingservice-plugin.jar
14:42:56,599 DEBUG [SARDeployer] deployed classes for file:/mnt/c/Users/Ajay.K/desktop/new-folder/dcm4chee-2.17.1-psql/server/default/lib/bsf.jar
14:42:56,599 DEBUG [SARDeployer] deployed classes for file:/mnt/c/Users/Ajay.K/desktop/new-folder/dcm4chee-2.17.1-psql/server/default/lib/bsh-deployer.jar
14:42:56,600 DEBUG [SARDeployer] deployed classes for file:/mnt/c/Users/Ajay.K/desktop/new-folder/dcm4chee-2.17.1-psql/server/default/lib/bsh.jar
14:42:56,600 DEBUG [SARDeployer] deployed classes for file:/mnt/c/Users/Ajay.K/desktop/new-folder/dcm4chee-2.17.1-psql/server/default/lib/cglib.jar
14:42:56,600 DEBUG [SARDeployer] deployed classes for file:/mnt/c/Users/Ajay.K/desktop/new-folder/dcm4chee-2.17.1-psql/server/default/lib/clibwrapper_jiio.jar
14:42:56,600 DEBUG [SARDeployer] deployed classes for file:/mnt/c/Users/Ajay.K/desktop/new-folder/dcm4chee-2.17.1-psql/server/default/lib/commons-codec.jar
14:42:56,600 DEBUG [SARDeployer] deployed classes for file:/mnt/c/Users/Ajay.K/desktop/new-folder/dcm4chee-2.17.1-psql/server/default/lib/commons-collections.jar
14:42:56,600 DEBUG [SARDeployer] deployed classes for file:/mnt/c/Users/Ajay.K/desktop/new-folder/dcm4chee-2.17.1-psql/server/default/lib/commons-compress-20050911.jar
14:42:56,601 DEBUG [SARDeployer] deployed classes for file:/mnt/c/Users/Ajay.K/desktop/new-folder/dcm4chee-2.17.1-psql/server/default/lib/commons-httpclient.jar
14:42:56,601 DEBUG [SARDeployer] deployed classes for file:/mnt/c/Users/Ajay.K/desktop/new-folder/dcm4chee-2.17.1-psql/server/default/lib/commons-io-1.3.1.jar
14:42:56,601 DEBUG [SARDeployer] deployed classes for file:/mnt/c/Users/Ajay.K/desktop/new-folder/dcm4chee-2.17.1-psql/server/default/lib/commons-logging.jar
14:42:56,601 DEBUG [SARDeployer] deployed classes for file:/mnt/c/Users/Ajay.K/desktop/new-folder/dcm4chee-2.17.1-psql/server/default/lib/dcm4che-audit-2.0.25.jar
14:42:56,601 DEBUG [SARDeployer] deployed classes for file:/mnt/c/Users/Ajay.K/desktop/new-folder/dcm4chee-2.17.1-psql/server/default/lib/dcm4che-base64-2.0.25.jar
14:42:56,602 DEBUG [SARDeployer] deployed classes for file:/mnt/c/Users/Ajay.K/desktop/new-folder/dcm4chee-2.17.1-psql/server/default/lib/dcm4che-core-2.0.25.jar
14:42:56,602 DEBUG [SARDeployer] deployed classes for file:/mnt/c/Users/Ajay.K/desktop/new-folder/dcm4chee-2.17.1-psql/server/default/lib/dcm4che-imageio-rle-2.0.25.jar
14:42:56,602 DEBUG [SARDeployer] deployed classes for file:/mnt/c/Users/Ajay.K/desktop/new-folder/dcm4chee-2.17.1-psql/server/default/lib/dcm4che-net-2.0.25.jar
14:42:56,602 DEBUG [SARDeployer] deployed classes for file:/mnt/c/Users/Ajay.K/desktop/new-folder/dcm4chee-2.17.1-psql/server/default/lib/dcm4che-soundex-2.0.25.jar
14:42:56,602 DEBUG [SARDeployer] deployed classes for file:/mnt/c/Users/Ajay.K/desktop/new-folder/dcm4chee-2.17.1-psql/server/default/lib/dcm4che.jar
14:42:56,602 DEBUG [SARDeployer] deployed classes for file:/mnt/c/Users/Ajay.K/desktop/new-folder/dcm4chee-2.17.1-psql/server/default/lib/dcm4chee-audit-logger-2.17.1.jar
14:42:56,603 DEBUG [SARDeployer] deployed classes for file:/mnt/c/Users/Ajay.K/desktop/new-folder/dcm4chee-2.17.1-psql/server/default/lib/dcm4chee-audit-login-2.17.1.jar
14:42:56,603 DEBUG [SARDeployer] deployed classes for file:/mnt/c/Users/Ajay.K/desktop/new-folder/dcm4chee-2.17.1-psql/server/default/lib/dcm4chee-audit-tomcat-2.17.1.jar
14:42:56,603 DEBUG [SARDeployer] deployed classes for file:/mnt/c/Users/Ajay.K/desktop/new-folder/dcm4chee-2.17.1-psql/server/default/lib/dcm4chee-docstore-store-1.0.3.jar
14:42:56,603 DEBUG [SARDeployer] deployed classes for file:/mnt/c/Users/Ajay.K/desktop/new-folder/dcm4chee-2.17.1-psql/server/default/lib/dcm4chee-ejb-client.jar
14:42:56,603 DEBUG [SARDeployer] deployed classes for file:/mnt/c/Users/Ajay.K/desktop/new-folder/dcm4chee-2.17.1-psql/server/default/lib/dcm4chee-hl7.jar
14:42:56,603 DEBUG [SARDeployer] deployed classes for file:/mnt/c/Users/Ajay.K/desktop/new-folder/dcm4chee-2.17.1-psql/server/default/lib/dcm4chee-jdbc-psql.jar
14:42:56,604 DEBUG [SARDeployer] deployed classes for file:/mnt/c/Users/Ajay.K/desktop/new-folder/dcm4chee-2.17.1-psql/server/default/lib/dcm4chee-rid.jar
14:42:56,604 DEBUG [SARDeployer] deployed classes for file:/mnt/c/Users/Ajay.K/desktop/new-folder/dcm4chee-2.17.1-psql/server/default/lib/dcm4chee-wado.jar
14:42:56,604 DEBUG [SARDeployer] deployed classes for file:/mnt/c/Users/Ajay.K/desktop/new-folder/dcm4chee-2.17.1-psql/server/default/lib/dcm4chee-web-licenseprovider-3.0.1.jar
14:42:56,604 DEBUG [SARDeployer] deployed classes for file:/mnt/c/Users/Ajay.K/desktop/new-folder/dcm4chee-2.17.1-psql/server/default/lib/dcm4chee-web-urlprovider-3.0.1.jar
14:42:56,604 DEBUG [SARDeployer] deployed classes for file:/mnt/c/Users/Ajay.K/desktop/new-folder/dcm4chee-2.17.1-psql/server/default/lib/dcm4chee.jar
14:42:56,604 DEBUG [SARDeployer] deployed classes for file:/mnt/c/Users/Ajay.K/desktop/new-folder/dcm4chee-2.17.1-psql/server/default/lib/dom4j.jar
14:42:56,605 DEBUG [SARDeployer] deployed classes for file:/mnt/c/Users/Ajay.K/desktop/new-folder/dcm4chee-2.17.1-psql/server/default/lib/ejb3-persistence.jar
14:42:56,605 DEBUG [SARDeployer] deployed classes for file:/mnt/c/Users/Ajay.K/desktop/new-folder/dcm4chee-2.17.1-psql/server/default/lib/el-api.jar
14:42:56,605 DEBUG [SARDeployer] deployed classes for file:/mnt/c/Users/Ajay.K/desktop/new-folder/dcm4chee-2.17.1-psql/server/default/lib/fop.jar
14:42:56,605 DEBUG [SARDeployer] deployed classes for file:/mnt/c/Users/Ajay.K/desktop/new-folder/dcm4chee-2.17.1-psql/server/default/lib/hibernate-annotations.jar
14:42:56,605 DEBUG [SARDeployer] deployed classes for file:/mnt/c/Users/Ajay.K/desktop/new-folder/dcm4chee-2.17.1-psql/server/default/lib/hibernate-entitymanager.jar
14:42:56,605 DEBUG [SARDeployer] deployed classes for file:/mnt/c/Users/Ajay.K/desktop/new-folder/dcm4chee-2.17.1-psql/server/default/lib/hibernate3.jar
14:42:56,606 DEBUG [SARDeployer] deployed classes for file:/mnt/c/Users/Ajay.K/desktop/new-folder/dcm4chee-2.17.1-psql/server/default/lib/hsqldb-plugin.jar
14:42:56,606 DEBUG [SARDeployer] deployed classes for file:/mnt/c/Users/Ajay.K/desktop/new-folder/dcm4chee-2.17.1-psql/server/default/lib/hsqldb.jar
14:42:56,606 DEBUG [SARDeployer] deployed classes for file:/mnt/c/Users/Ajay.K/desktop/new-folder/dcm4chee-2.17.1-psql/server/default/lib/jai_imageio.jar
14:42:56,606 DEBUG [SARDeployer] deployed classes for file:/mnt/c/Users/Ajay.K/desktop/new-folder/dcm4chee-2.17.1-psql/server/default/lib/javassist.jar
14:42:56,606 DEBUG [SARDeployer] deployed classes for file:/mnt/c/Users/Ajay.K/desktop/new-folder/dcm4chee-2.17.1-psql/server/default/lib/jaxb-api.jar
14:42:56,606 DEBUG [SARDeployer] deployed classes for file:/mnt/c/Users/Ajay.K/desktop/new-folder/dcm4chee-2.17.1-psql/server/default/lib/jaxb-impl.jar
14:42:56,607 DEBUG [SARDeployer] deployed classes for file:/mnt/c/Users/Ajay.K/desktop/new-folder/dcm4chee-2.17.1-psql/server/default/lib/jaxen.jar
14:42:56,607 DEBUG [SARDeployer] deployed classes for file:/mnt/c/Users/Ajay.K/desktop/new-folder/dcm4chee-2.17.1-psql/server/default/lib/jboss-common-jdbc-wrapper.jar
14:42:56,607 DEBUG [SARDeployer] deployed classes for file:/mnt/c/Users/Ajay.K/desktop/new-folder/dcm4chee-2.17.1-psql/server/default/lib/jboss-ejb3x.jar
14:42:56,607 DEBUG [SARDeployer] deployed classes for file:/mnt/c/Users/Ajay.K/desktop/new-folder/dcm4chee-2.17.1-psql/server/default/lib/jboss-hibernate.jar
14:42:56,607 DEBUG [SARDeployer] deployed classes for file:/mnt/c/Users/Ajay.K/desktop/new-folder/dcm4chee-2.17.1-psql/server/default/lib/jboss-iiop.jar
14:42:56,608 DEBUG [SARDeployer] deployed classes for file:/mnt/c/Users/Ajay.K/desktop/new-folder/dcm4chee-2.17.1-psql/server/default/lib/jboss-j2ee.jar
14:42:56,608 DEBUG [SARDeployer] deployed classes for file:/mnt/c/Users/Ajay.K/desktop/new-folder/dcm4chee-2.17.1-psql/server/default/lib/jboss-jaxrpc.jar
14:42:56,608 DEBUG [SARDeployer] deployed classes for file:/mnt/c/Users/Ajay.K/desktop/new-folder/dcm4chee-2.17.1-psql/server/default/lib/jboss-jaxws-ext.jar
14:42:56,608 DEBUG [SARDeployer] deployed classes for file:/mnt/c/Users/Ajay.K/desktop/new-folder/dcm4chee-2.17.1-psql/server/default/lib/jboss-jaxws.jar
14:42:56,608 DEBUG [SARDeployer] deployed classes for file:/mnt/c/Users/Ajay.K/desktop/new-folder/dcm4chee-2.17.1-psql/server/default/lib/jboss-jca.jar
14:42:56,609 DEBUG [SARDeployer] deployed classes for file:/mnt/c/Users/Ajay.K/desktop/new-folder/dcm4chee-2.17.1-psql/server/default/lib/jboss-jsr77.jar
14:42:56,609 DEBUG [SARDeployer] deployed classes for file:/mnt/c/Users/Ajay.K/desktop/new-folder/dcm4chee-2.17.1-psql/server/default/lib/jboss-jsr88.jar
14:42:56,609 DEBUG [SARDeployer] deployed classes for file:/mnt/c/Users/Ajay.K/desktop/new-folder/dcm4chee-2.17.1-psql/server/default/lib/jboss-management.jar
14:42:56,609 DEBUG [SARDeployer] deployed classes for file:/mnt/c/Users/Ajay.K/desktop/new-folder/dcm4chee-2.17.1-psql/server/default/lib/jboss-messaging.jar
14:42:56,609 DEBUG [SARDeployer] deployed classes for file:/mnt/c/Users/Ajay.K/desktop/new-folder/dcm4chee-2.17.1-psql/server/default/lib/jboss-monitoring.jar
14:42:56,610 DEBUG [SARDeployer] deployed classes for file:/mnt/c/Users/Ajay.K/desktop/new-folder/dcm4chee-2.17.1-psql/server/default/lib/jboss-remoting-int.jar
14:42:56,610 DEBUG [SARDeployer] deployed classes for file:/mnt/c/Users/Ajay.K/desktop/new-folder/dcm4chee-2.17.1-psql/server/default/lib/jboss-remoting.jar
14:42:56,610 DEBUG [SARDeployer] deployed classes for file:/mnt/c/Users/Ajay.K/desktop/new-folder/dcm4chee-2.17.1-psql/server/default/lib/jboss-saaj.jar
14:42:56,610 DEBUG [SARDeployer] deployed classes for file:/mnt/c/Users/Ajay.K/desktop/new-folder/dcm4chee-2.17.1-psql/server/default/lib/jboss-serialization.jar
14:42:56,610 DEBUG [SARDeployer] deployed classes for file:/mnt/c/Users/Ajay.K/desktop/new-folder/dcm4chee-2.17.1-psql/server/default/lib/jboss-srp.jar
14:42:56,610 DEBUG [SARDeployer] deployed classes for file:/mnt/c/Users/Ajay.K/desktop/new-folder/dcm4chee-2.17.1-psql/server/default/lib/jboss-transaction.jar
14:42:56,611 DEBUG [SARDeployer] deployed classes for file:/mnt/c/Users/Ajay.K/desktop/new-folder/dcm4chee-2.17.1-psql/server/default/lib/jboss-vfs.jar
14:42:56,611 DEBUG [SARDeployer] deployed classes for file:/mnt/c/Users/Ajay.K/desktop/new-folder/dcm4chee-2.17.1-psql/server/default/lib/jboss.jar
14:42:56,611 DEBUG [SARDeployer] deployed classes for file:/mnt/c/Users/Ajay.K/desktop/new-folder/dcm4chee-2.17.1-psql/server/default/lib/jbossjta-integration.jar
14:42:56,611 DEBUG [SARDeployer] deployed classes for file:/mnt/c/Users/Ajay.K/desktop/new-folder/dcm4chee-2.17.1-psql/server/default/lib/jbossjta.jar
14:42:56,611 DEBUG [SARDeployer] deployed classes for file:/mnt/c/Users/Ajay.K/desktop/new-folder/dcm4chee-2.17.1-psql/server/default/lib/jbosssx.jar
14:42:56,611 DEBUG [SARDeployer] deployed classes for file:/mnt/c/Users/Ajay.K/desktop/new-folder/dcm4chee-2.17.1-psql/server/default/lib/jbossts-common.jar
14:42:56,612 DEBUG [SARDeployer] deployed classes for file:/mnt/c/Users/Ajay.K/desktop/new-folder/dcm4chee-2.17.1-psql/server/default/lib/jbossws-common.jar
14:42:56,612 DEBUG [SARDeployer] deployed classes for file:/mnt/c/Users/Ajay.K/desktop/new-folder/dcm4chee-2.17.1-psql/server/default/lib/jbossws-framework.jar
14:42:56,612 DEBUG [SARDeployer] deployed classes for file:/mnt/c/Users/Ajay.K/desktop/new-folder/dcm4chee-2.17.1-psql/server/default/lib/jbossws-jboss42.jar
14:42:56,612 DEBUG [SARDeployer] deployed classes for file:/mnt/c/Users/Ajay.K/desktop/new-folder/dcm4chee-2.17.1-psql/server/default/lib/jbossws-spi.jar
14:42:56,612 DEBUG [SARDeployer] deployed classes for file:/mnt/c/Users/Ajay.K/desktop/new-folder/dcm4chee-2.17.1-psql/server/default/lib/jmx-adaptor-plugin.jar
14:42:56,613 DEBUG [SARDeployer] deployed classes for file:/mnt/c/Users/Ajay.K/desktop/new-folder/dcm4chee-2.17.1-psql/server/default/lib/jnpserver.jar
14:42:56,613 DEBUG [SARDeployer] deployed classes for file:/mnt/c/Users/Ajay.K/desktop/new-folder/dcm4chee-2.17.1-psql/server/default/lib/joesnmp.jar
14:42:56,613 DEBUG [SARDeployer] deployed classes for file:/mnt/c/Users/Ajay.K/desktop/new-folder/dcm4chee-2.17.1-psql/server/default/lib/jsp-api.jar
14:42:56,613 DEBUG [SARDeployer] deployed classes for file:/mnt/c/Users/Ajay.K/desktop/new-folder/dcm4chee-2.17.1-psql/server/default/lib/log4j-snmp-appender.jar
14:42:56,613 DEBUG [SARDeployer] deployed classes for file:/mnt/c/Users/Ajay.K/desktop/new-folder/dcm4chee-2.17.1-psql/server/default/lib/log4j.jar
14:42:56,613 DEBUG [SARDeployer] deployed classes for file:/mnt/c/Users/Ajay.K/desktop/new-folder/dcm4chee-2.17.1-psql/server/default/lib/mail-plugin.jar
14:42:56,614 DEBUG [SARDeployer] deployed classes for file:/mnt/c/Users/Ajay.K/desktop/new-folder/dcm4chee-2.17.1-psql/server/default/lib/mail.jar
14:42:56,614 DEBUG [SARDeployer] deployed classes for file:/mnt/c/Users/Ajay.K/desktop/new-folder/dcm4chee-2.17.1-psql/server/default/lib/postgresql-9.1-901.jdbc4.jar
14:42:56,614 DEBUG [SARDeployer] deployed classes for file:/mnt/c/Users/Ajay.K/desktop/new-folder/dcm4chee-2.17.1-psql/server/default/lib/properties-plugin.jar
14:42:56,614 DEBUG [SARDeployer] deployed classes for file:/mnt/c/Users/Ajay.K/desktop/new-folder/dcm4chee-2.17.1-psql/server/default/lib/quartz.jar
14:42:56,614 DEBUG [SARDeployer] deployed classes for file:/mnt/c/Users/Ajay.K/desktop/new-folder/dcm4chee-2.17.1-psql/server/default/lib/scheduler-plugin-example.jar
14:42:56,614 DEBUG [SARDeployer] deployed classes for file:/mnt/c/Users/Ajay.K/desktop/new-folder/dcm4chee-2.17.1-psql/server/default/lib/scheduler-plugin.jar
14:42:56,615 DEBUG [SARDeployer] deployed classes for file:/mnt/c/Users/Ajay.K/desktop/new-folder/dcm4chee-2.17.1-psql/server/default/lib/servlet-api.jar
14:42:56,615 DEBUG [SARDeployer] deployed classes for file:/mnt/c/Users/Ajay.K/desktop/new-folder/dcm4chee-2.17.1-psql/server/default/lib/slf4j-api-1.6.1.jar
14:42:56,615 DEBUG [SARDeployer] deployed classes for file:/mnt/c/Users/Ajay.K/desktop/new-folder/dcm4chee-2.17.1-psql/server/default/lib/slf4j-log4j12-1.6.1.jar
14:42:56,615 DEBUG [SARDeployer] deployed classes for file:/mnt/c/Users/Ajay.K/desktop/new-folder/dcm4chee-2.17.1-psql/server/default/lib/xhl7.jar
14:42:56,615 DEBUG [SARDeployer] deployed classes for file:/mnt/c/Users/Ajay.K/desktop/new-folder/dcm4chee-2.17.1-psql/server/default/lib/xml-apis-ext-1.3.04.jar
14:42:56,615 DEBUG [SARDeployer] deployed classes for file:/mnt/c/Users/Ajay.K/desktop/new-folder/dcm4chee-2.17.1-psql/server/default/lib/xmlentitymgr.jar
14:42:56,615 DEBUG [SARDeployer] deployed classes for file:/mnt/c/Users/Ajay.K/desktop/new-folder/dcm4chee-2.17.1-psql/server/default/lib/xmlgraphics-commons-1.3.1.jar
14:42:56,616 DEBUG [SARDeployer] about to copy 0 local directories
14:42:56,616 DEBUG [SARDeployer] looking for nested deployments in : file:/mnt/c/Users/Ajay.K/desktop/new-folder/dcm4chee-2.17.1-psql/server/default/conf/jboss-service.xml
14:42:56,618 DEBUG [DeploymentInfo] createLoaderRepository from config: LoaderRepositoryConfig(repositoryName: JMImplementation:service=LoaderRepository,name=Default, repositoryClassName: null, configParserClassName: null, repositoryConfig: null)
14:42:56,618 DEBUG [RepositoryClassLoader] setRepository, repository=org.jboss.mx.loading.UnifiedLoaderRepository3@6a19be02, cl=org.jboss.mx.loading.UnifiedClassLoader3@781a867b{ url=null ,addedOrder=0}
14:42:56,618 DEBUG [RepositoryClassLoader] setRepository, repository=org.jboss.mx.loading.UnifiedLoaderRepository3@6a19be02, cl=org.jboss.mx.loading.UnifiedClassLoader3@781a867b{ url=null ,addedOrder=0}
14:42:56,618 DEBUG [UnifiedLoaderRepository3] Adding org.jboss.mx.loading.UnifiedClassLoader3@781a867b{ url=null ,addedOrder=0}
14:42:56,641 DEBUG [RepositoryClassLoader] Added url: file:/mnt/c/Users/Ajay.K/desktop/new-folder/dcm4chee-2.17.1-psql/server/default/lib/activation.jar, to ucl: org.jboss.mx.loading.UnifiedClassLoader3@781a867b{ url=null ,addedOrder=2}
14:42:56,749 DEBUG [RepositoryClassLoader] Added url: file:/mnt/c/Users/Ajay.K/desktop/new-folder/dcm4chee-2.17.1-psql/server/default/lib/antlr.jar, to ucl: org.jboss.mx.loading.UnifiedClassLoader3@781a867b{ url=null ,addedOrder=2}
14:42:56,754 DEBUG [RepositoryClassLoader] Added url: file:/mnt/c/Users/Ajay.K/desktop/new-folder/dcm4chee-2.17.1-psql/server/default/lib/autonumber-plugin.jar, to ucl: org.jboss.mx.loading.UnifiedClassLoader3@781a867b{ url=null ,addedOrder=2}
14:42:56,779 DEBUG [ClassLoaderUtils] Multiple class loaders found for pkg: 
14:42:56,781 DEBUG [RepositoryClassLoader] Added url: file:/mnt/c/Users/Ajay.K/desktop/new-folder/dcm4chee-2.17.1-psql/server/default/lib/avalon-framework-4.2.0.jar, to ucl: org.jboss.mx.loading.UnifiedClassLoader3@781a867b{ url=null ,addedOrder=2}
14:42:57,628 DEBUG [RepositoryClassLoader] Added url: file:/mnt/c/Users/Ajay.K/desktop/new-folder/dcm4chee-2.17.1-psql/server/default/lib/batik-all-1.7.jar, to ucl: org.jboss.mx.loading.UnifiedClassLoader3@781a867b{ url=null ,addedOrder=2}
14:42:57,777 DEBUG [RepositoryClassLoader] Added url: file:/mnt/c/Users/Ajay.K/desktop/new-folder/dcm4chee-2.17.1-psql/server/default/lib/bcel.jar, to ucl: org.jboss.mx.loading.UnifiedClassLoader3@781a867b{ url=null ,addedOrder=2}
14:42:57,787 DEBUG [RepositoryClassLoader] Added url: file:/mnt/c/Users/Ajay.K/desktop/new-folder/dcm4chee-2.17.1-psql/server/default/lib/bindingservice-plugin.jar, to ucl: org.jboss.mx.loading.UnifiedClassLoader3@781a867b{ url=null ,addedOrder=2}
14:42:57,833 DEBUG [RepositoryClassLoader] Added url: file:/mnt/c/Users/Ajay.K/desktop/new-folder/dcm4chee-2.17.1-psql/server/default/lib/bsf.jar, to ucl: org.jboss.mx.loading.UnifiedClassLoader3@781a867b{ url=null ,addedOrder=2}
14:42:57,843 DEBUG [RepositoryClassLoader] Added url: file:/mnt/c/Users/Ajay.K/desktop/new-folder/dcm4chee-2.17.1-psql/server/default/lib/bsh-deployer.jar, to ucl: org.jboss.mx.loading.UnifiedClassLoader3@781a867b{ url=null ,addedOrder=2}
14:42:57,906 DEBUG [RepositoryClassLoader] Added url: file:/mnt/c/Users/Ajay.K/desktop/new-folder/dcm4chee-2.17.1-psql/server/default/lib/bsh.jar, to ucl: org.jboss.mx.loading.UnifiedClassLoader3@781a867b{ url=null ,addedOrder=2}
14:42:57,996 DEBUG [RepositoryClassLoader] Added url: file:/mnt/c/Users/Ajay.K/desktop/new-folder/dcm4chee-2.17.1-psql/server/default/lib/cglib.jar, to ucl: org.jboss.mx.loading.UnifiedClassLoader3@781a867b{ url=null ,addedOrder=2}
14:42:58,019 DEBUG [RepositoryClassLoader] Added url: file:/mnt/c/Users/Ajay.K/desktop/new-folder/dcm4chee-2.17.1-psql/server/default/lib/clibwrapper_jiio.jar, to ucl: org.jboss.mx.loading.UnifiedClassLoader3@781a867b{ url=null ,addedOrder=2}
14:42:58,034 DEBUG [RepositoryClassLoader] Added url: file:/mnt/c/Users/Ajay.K/desktop/new-folder/dcm4chee-2.17.1-psql/server/default/lib/commons-codec.jar, to ucl: org.jboss.mx.loading.UnifiedClassLoader3@781a867b{ url=null ,addedOrder=2}
14:42:58,194 DEBUG [RepositoryClassLoader] Added url: file:/mnt/c/Users/Ajay.K/desktop/new-folder/dcm4chee-2.17.1-psql/server/default/lib/commons-collections.jar, to ucl: org.jboss.mx.loading.UnifiedClassLoader3@781a867b{ url=null ,addedOrder=2}
14:42:58,213 DEBUG [RepositoryClassLoader] Added url: file:/mnt/c/Users/Ajay.K/desktop/new-folder/dcm4chee-2.17.1-psql/server/default/lib/commons-compress-20050911.jar, to ucl: org.jboss.mx.loading.UnifiedClassLoader3@781a867b{ url=null ,addedOrder=2}
14:42:58,272 DEBUG [RepositoryClassLoader] Added url: file:/mnt/c/Users/Ajay.K/desktop/new-folder/dcm4chee-2.17.1-psql/server/default/lib/commons-httpclient.jar, to ucl: org.jboss.mx.loading.UnifiedClassLoader3@781a867b{ url=null ,addedOrder=2}
14:42:58,298 DEBUG [RepositoryClassLoader] Added url: file:/mnt/c/Users/Ajay.K/desktop/new-folder/dcm4chee-2.17.1-psql/server/default/lib/commons-io-1.3.1.jar, to ucl: org.jboss.mx.loading.UnifiedClassLoader3@781a867b{ url=null ,addedOrder=2}
14:42:58,314 DEBUG [RepositoryClassLoader] Added url: file:/mnt/c/Users/Ajay.K/desktop/new-folder/dcm4chee-2.17.1-psql/server/default/lib/commons-logging.jar, to ucl: org.jboss.mx.loading.UnifiedClassLoader3@781a867b{ url=null ,addedOrder=2}
14:42:58,344 DEBUG [RepositoryClassLoader] Added url: file:/mnt/c/Users/Ajay.K/desktop/new-folder/dcm4chee-2.17.1-psql/server/default/lib/dcm4che-audit-2.0.25.jar, to ucl: org.jboss.mx.loading.UnifiedClassLoader3@781a867b{ url=null ,addedOrder=2}
14:42:58,349 DEBUG [RepositoryClassLoader] Added url: file:/mnt/c/Users/Ajay.K/desktop/new-folder/dcm4chee-2.17.1-psql/server/default/lib/dcm4che-base64-2.0.25.jar, to ucl: org.jboss.mx.loading.UnifiedClassLoader3@781a867b{ url=null ,addedOrder=2}
14:42:58,433 DEBUG [RepositoryClassLoader] Added url: file:/mnt/c/Users/Ajay.K/desktop/new-folder/dcm4chee-2.17.1-psql/server/default/lib/dcm4che-core-2.0.25.jar, to ucl: org.jboss.mx.loading.UnifiedClassLoader3@781a867b{ url=null ,addedOrder=2}
14:42:58,440 DEBUG [RepositoryClassLoader] Added url: file:/mnt/c/Users/Ajay.K/desktop/new-folder/dcm4chee-2.17.1-psql/server/default/lib/dcm4che-imageio-rle-2.0.25.jar, to ucl: org.jboss.mx.loading.UnifiedClassLoader3@781a867b{ url=null ,addedOrder=2}
14:42:58,474 DEBUG [RepositoryClassLoader] Added url: file:/mnt/c/Users/Ajay.K/desktop/new-folder/dcm4chee-2.17.1-psql/server/default/lib/dcm4che-net-2.0.25.jar, to ucl: org.jboss.mx.loading.UnifiedClassLoader3@781a867b{ url=null ,addedOrder=2}
14:42:58,480 DEBUG [RepositoryClassLoader] Added url: file:/mnt/c/Users/Ajay.K/desktop/new-folder/dcm4chee-2.17.1-psql/server/default/lib/dcm4che-soundex-2.0.25.jar, to ucl: org.jboss.mx.loading.UnifiedClassLoader3@781a867b{ url=null ,addedOrder=2}
14:42:58,706 DEBUG [RepositoryClassLoader] Added url: file:/mnt/c/Users/Ajay.K/desktop/new-folder/dcm4chee-2.17.1-psql/server/default/lib/dcm4che.jar, to ucl: org.jboss.mx.loading.UnifiedClassLoader3@781a867b{ url=null ,addedOrder=2}
14:42:58,718 DEBUG [RepositoryClassLoader] Added url: file:/mnt/c/Users/Ajay.K/desktop/new-folder/dcm4chee-2.17.1-psql/server/default/lib/dcm4chee-audit-logger-2.17.1.jar, to ucl: org.jboss.mx.loading.UnifiedClassLoader3@781a867b{ url=null ,addedOrder=2}
14:42:58,723 DEBUG [RepositoryClassLoader] Added url: file:/mnt/c/Users/Ajay.K/desktop/new-folder/dcm4chee-2.17.1-psql/server/default/lib/dcm4chee-audit-login-2.17.1.jar, to ucl: org.jboss.mx.loading.UnifiedClassLoader3@781a867b{ url=null ,addedOrder=2}
14:42:58,728 DEBUG [RepositoryClassLoader] Added url: file:/mnt/c/Users/Ajay.K/desktop/new-folder/dcm4chee-2.17.1-psql/server/default/lib/dcm4chee-audit-tomcat-2.17.1.jar, to ucl: org.jboss.mx.loading.UnifiedClassLoader3@781a867b{ url=null ,addedOrder=2}
14:42:58,741 DEBUG [RepositoryClassLoader] Added url: file:/mnt/c/Users/Ajay.K/desktop/new-folder/dcm4chee-2.17.1-psql/server/default/lib/dcm4chee-docstore-store-1.0.3.jar, to ucl: org.jboss.mx.loading.UnifiedClassLoader3@781a867b{ url=null ,addedOrder=2}
14:42:58,783 DEBUG [RepositoryClassLoader] Added url: file:/mnt/c/Users/Ajay.K/desktop/new-folder/dcm4chee-2.17.1-psql/server/default/lib/dcm4chee-ejb-client.jar, to ucl: org.jboss.mx.loading.UnifiedClassLoader3@781a867b{ url=null ,addedOrder=2}
14:42:58,813 DEBUG [RepositoryClassLoader] Added url: file:/mnt/c/Users/Ajay.K/desktop/new-folder/dcm4chee-2.17.1-psql/server/default/lib/dcm4chee-hl7.jar, to ucl: org.jboss.mx.loading.UnifiedClassLoader3@781a867b{ url=null ,addedOrder=2}
14:42:58,859 DEBUG [RepositoryClassLoader] Added url: file:/mnt/c/Users/Ajay.K/desktop/new-folder/dcm4chee-2.17.1-psql/server/default/lib/dcm4chee-jdbc-psql.jar, to ucl: org.jboss.mx.loading.UnifiedClassLoader3@781a867b{ url=null ,addedOrder=2}
14:42:58,884 DEBUG [RepositoryClassLoader] Added url: file:/mnt/c/Users/Ajay.K/desktop/new-folder/dcm4chee-2.17.1-psql/server/default/lib/dcm4chee-rid.jar, to ucl: org.jboss.mx.loading.UnifiedClassLoader3@781a867b{ url=null ,addedOrder=2}
14:42:58,903 DEBUG [RepositoryClassLoader] Added url: file:/mnt/c/Users/Ajay.K/desktop/new-folder/dcm4chee-2.17.1-psql/server/default/lib/dcm4chee-wado.jar, to ucl: org.jboss.mx.loading.UnifiedClassLoader3@781a867b{ url=null ,addedOrder=2}
14:42:58,909 DEBUG [RepositoryClassLoader] Added url: file:/mnt/c/Users/Ajay.K/desktop/new-folder/dcm4chee-2.17.1-psql/server/default/lib/dcm4chee-web-licenseprovider-3.0.1.jar, to ucl: org.jboss.mx.loading.UnifiedClassLoader3@781a867b{ url=null ,addedOrder=2}
14:42:58,915 DEBUG [RepositoryClassLoader] Added url: file:/mnt/c/Users/Ajay.K/desktop/new-folder/dcm4chee-2.17.1-psql/server/default/lib/dcm4chee-web-urlprovider-3.0.1.jar, to ucl: org.jboss.mx.loading.UnifiedClassLoader3@781a867b{ url=null ,addedOrder=2}
14:42:59,128 DEBUG [RepositoryClassLoader] Added url: file:/mnt/c/Users/Ajay.K/desktop/new-folder/dcm4chee-2.17.1-psql/server/default/lib/dcm4chee.jar, to ucl: org.jboss.mx.loading.UnifiedClassLoader3@781a867b{ url=null ,addedOrder=2}
14:42:59,216 DEBUG [RepositoryClassLoader] Added url: file:/mnt/c/Users/Ajay.K/desktop/new-folder/dcm4chee-2.17.1-psql/server/default/lib/dom4j.jar, to ucl: org.jboss.mx.loading.UnifiedClassLoader3@781a867b{ url=null ,addedOrder=2}
14:42:59,236 DEBUG [RepositoryClassLoader] Added url: file:/mnt/c/Users/Ajay.K/desktop/new-folder/dcm4chee-2.17.1-psql/server/default/lib/ejb3-persistence.jar, to ucl: org.jboss.mx.loading.UnifiedClassLoader3@781a867b{ url=null ,addedOrder=2}
14:42:59,251 DEBUG [RepositoryClassLoader] Added url: file:/mnt/c/Users/Ajay.K/desktop/new-folder/dcm4chee-2.17.1-psql/server/default/lib/el-api.jar, to ucl: org.jboss.mx.loading.UnifiedClassLoader3@781a867b{ url=null ,addedOrder=2}
14:42:59,810 DEBUG [RepositoryClassLoader] Added url: file:/mnt/c/Users/Ajay.K/desktop/new-folder/dcm4chee-2.17.1-psql/server/default/lib/fop.jar, to ucl: org.jboss.mx.loading.UnifiedClassLoader3@781a867b{ url=null ,addedOrder=2}
14:42:59,922 DEBUG [RepositoryClassLoader] Added url: file:/mnt/c/Users/Ajay.K/desktop/new-folder/dcm4chee-2.17.1-psql/server/default/lib/hibernate-annotations.jar, to ucl: org.jboss.mx.loading.UnifiedClassLoader3@781a867b{ url=null ,addedOrder=2}
14:42:59,959 DEBUG [RepositoryClassLoader] Added url: file:/mnt/c/Users/Ajay.K/desktop/new-folder/dcm4chee-2.17.1-psql/server/default/lib/hibernate-entitymanager.jar, to ucl: org.jboss.mx.loading.UnifiedClassLoader3@781a867b{ url=null ,addedOrder=2}
14:43:00,518 DEBUG [RepositoryClassLoader] Added url: file:/mnt/c/Users/Ajay.K/desktop/new-folder/dcm4chee-2.17.1-psql/server/default/lib/hibernate3.jar, to ucl: org.jboss.mx.loading.UnifiedClassLoader3@781a867b{ url=null ,addedOrder=2}
14:43:00,524 DEBUG [RepositoryClassLoader] Added url: file:/mnt/c/Users/Ajay.K/desktop/new-folder/dcm4chee-2.17.1-psql/server/default/lib/hsqldb-plugin.jar, to ucl: org.jboss.mx.loading.UnifiedClassLoader3@781a867b{ url=null ,addedOrder=2}
14:43:00,708 DEBUG [RepositoryClassLoader] Added url: file:/mnt/c/Users/Ajay.K/desktop/new-folder/dcm4chee-2.17.1-psql/server/default/lib/hsqldb.jar, to ucl: org.jboss.mx.loading.UnifiedClassLoader3@781a867b{ url=null ,addedOrder=2}
14:43:01,006 DEBUG [RepositoryClassLoader] Added url: file:/mnt/c/Users/Ajay.K/desktop/new-folder/dcm4chee-2.17.1-psql/server/default/lib/jai_imageio.jar, to ucl: org.jboss.mx.loading.UnifiedClassLoader3@781a867b{ url=null ,addedOrder=2}
14:43:01,170 DEBUG [RepositoryClassLoader] Added url: file:/mnt/c/Users/Ajay.K/desktop/new-folder/dcm4chee-2.17.1-psql/server/default/lib/javassist.jar, to ucl: org.jboss.mx.loading.UnifiedClassLoader3@781a867b{ url=null ,addedOrder=2}
14:43:01,196 DEBUG [RepositoryClassLoader] Added url: file:/mnt/c/Users/Ajay.K/desktop/new-folder/dcm4chee-2.17.1-psql/server/default/lib/jaxb-api.jar, to ucl: org.jboss.mx.loading.UnifiedClassLoader3@781a867b{ url=null ,addedOrder=2}
14:43:01,416 DEBUG [RepositoryClassLoader] Added url: file:/mnt/c/Users/Ajay.K/desktop/new-folder/dcm4chee-2.17.1-psql/server/default/lib/jaxb-impl.jar, to ucl: org.jboss.mx.loading.UnifiedClassLoader3@781a867b{ url=null ,addedOrder=2}
14:43:01,481 DEBUG [RepositoryClassLoader] Added url: file:/mnt/c/Users/Ajay.K/desktop/new-folder/dcm4chee-2.17.1-psql/server/default/lib/jaxen.jar, to ucl: org.jboss.mx.loading.UnifiedClassLoader3@781a867b{ url=null ,addedOrder=2}
14:43:01,509 DEBUG [RepositoryClassLoader] Added url: file:/mnt/c/Users/Ajay.K/desktop/new-folder/dcm4chee-2.17.1-psql/server/default/lib/jboss-common-jdbc-wrapper.jar, to ucl: org.jboss.mx.loading.UnifiedClassLoader3@781a867b{ url=null ,addedOrder=2}
14:43:01,518 DEBUG [RepositoryClassLoader] Added url: file:/mnt/c/Users/Ajay.K/desktop/new-folder/dcm4chee-2.17.1-psql/server/default/lib/jboss-ejb3x.jar, to ucl: org.jboss.mx.loading.UnifiedClassLoader3@781a867b{ url=null ,addedOrder=2}
14:43:01,525 DEBUG [RepositoryClassLoader] Added url: file:/mnt/c/Users/Ajay.K/desktop/new-folder/dcm4chee-2.17.1-psql/server/default/lib/jboss-hibernate.jar, to ucl: org.jboss.mx.loading.UnifiedClassLoader3@781a867b{ url=null ,addedOrder=2}
14:43:01,622 DEBUG [RepositoryClassLoader] Added url: file:/mnt/c/Users/Ajay.K/desktop/new-folder/dcm4chee-2.17.1-psql/server/default/lib/jboss-iiop.jar, to ucl: org.jboss.mx.loading.UnifiedClassLoader3@781a867b{ url=null ,addedOrder=2}
14:43:01,744 DEBUG [RepositoryClassLoader] Added url: file:/mnt/c/Users/Ajay.K/desktop/new-folder/dcm4chee-2.17.1-psql/server/default/lib/jboss-j2ee.jar, to ucl: org.jboss.mx.loading.UnifiedClassLoader3@781a867b{ url=null ,addedOrder=2}
14:43:01,756 DEBUG [RepositoryClassLoader] Added url: file:/mnt/c/Users/Ajay.K/desktop/new-folder/dcm4chee-2.17.1-psql/server/default/lib/jboss-jaxrpc.jar, to ucl: org.jboss.mx.loading.UnifiedClassLoader3@781a867b{ url=null ,addedOrder=2}
14:43:01,769 DEBUG [RepositoryClassLoader] Added url: file:/mnt/c/Users/Ajay.K/desktop/new-folder/dcm4chee-2.17.1-psql/server/default/lib/jboss-jaxws-ext.jar, to ucl: org.jboss.mx.loading.UnifiedClassLoader3@781a867b{ url=null ,addedOrder=2}
14:43:01,784 DEBUG [RepositoryClassLoader] Added url: file:/mnt/c/Users/Ajay.K/desktop/new-folder/dcm4chee-2.17.1-psql/server/default/lib/jboss-jaxws.jar, to ucl: org.jboss.mx.loading.UnifiedClassLoader3@781a867b{ url=null ,addedOrder=2}
14:43:01,845 DEBUG [RepositoryClassLoader] Added url: file:/mnt/c/Users/Ajay.K/desktop/new-folder/dcm4chee-2.17.1-psql/server/default/lib/jboss-jca.jar, to ucl: org.jboss.mx.loading.UnifiedClassLoader3@781a867b{ url=null ,addedOrder=2}
14:43:01,853 DEBUG [RepositoryClassLoader] Added url: file:/mnt/c/Users/Ajay.K/desktop/new-folder/dcm4chee-2.17.1-psql/server/default/lib/jboss-jsr77.jar, to ucl: org.jboss.mx.loading.UnifiedClassLoader3@781a867b{ url=null ,addedOrder=2}
14:43:01,879 DEBUG [RepositoryClassLoader] Added url: file:/mnt/c/Users/Ajay.K/desktop/new-folder/dcm4chee-2.17.1-psql/server/default/lib/jboss-jsr88.jar, to ucl: org.jboss.mx.loading.UnifiedClassLoader3@781a867b{ url=null ,addedOrder=2}
14:43:01,922 DEBUG [RepositoryClassLoader] Added url: file:/mnt/c/Users/Ajay.K/desktop/new-folder/dcm4chee-2.17.1-psql/server/default/lib/jboss-management.jar, to ucl: org.jboss.mx.loading.UnifiedClassLoader3@781a867b{ url=null ,addedOrder=2}
14:43:02,188 DEBUG [ClassLoaderUtils] Multiple class loaders found for pkg: xmdesc
14:43:02,193 DEBUG [RepositoryClassLoader] Added url: file:/mnt/c/Users/Ajay.K/desktop/new-folder/dcm4chee-2.17.1-psql/server/default/lib/jboss-messaging.jar, to ucl: org.jboss.mx.loading.UnifiedClassLoader3@781a867b{ url=null ,addedOrder=2}
14:43:02,211 DEBUG [RepositoryClassLoader] Added url: file:/mnt/c/Users/Ajay.K/desktop/new-folder/dcm4chee-2.17.1-psql/server/default/lib/jboss-monitoring.jar, to ucl: org.jboss.mx.loading.UnifiedClassLoader3@781a867b{ url=null ,addedOrder=2}
14:43:02,217 DEBUG [RepositoryClassLoader] Added url: file:/mnt/c/Users/Ajay.K/desktop/new-folder/dcm4chee-2.17.1-psql/server/default/lib/jboss-remoting-int.jar, to ucl: org.jboss.mx.loading.UnifiedClassLoader3@781a867b{ url=null ,addedOrder=2}
14:43:02,447 DEBUG [RepositoryClassLoader] Added url: file:/mnt/c/Users/Ajay.K/desktop/new-folder/dcm4chee-2.17.1-psql/server/default/lib/jboss-remoting.jar, to ucl: org.jboss.mx.loading.UnifiedClassLoader3@781a867b{ url=null ,addedOrder=2}
14:43:02,458 DEBUG [RepositoryClassLoader] Added url: file:/mnt/c/Users/Ajay.K/desktop/new-folder/dcm4chee-2.17.1-psql/server/default/lib/jboss-saaj.jar, to ucl: org.jboss.mx.loading.UnifiedClassLoader3@781a867b{ url=null ,addedOrder=2}
14:43:02,496 DEBUG [RepositoryClassLoader] Added url: file:/mnt/c/Users/Ajay.K/desktop/new-folder/dcm4chee-2.17.1-psql/server/default/lib/jboss-serialization.jar, to ucl: org.jboss.mx.loading.UnifiedClassLoader3@781a867b{ url=null ,addedOrder=2}
14:43:02,510 DEBUG [RepositoryClassLoader] Added url: file:/mnt/c/Users/Ajay.K/desktop/new-folder/dcm4chee-2.17.1-psql/server/default/lib/jboss-srp.jar, to ucl: org.jboss.mx.loading.UnifiedClassLoader3@781a867b{ url=null ,addedOrder=2}
14:43:02,527 DEBUG [RepositoryClassLoader] Added url: file:/mnt/c/Users/Ajay.K/desktop/new-folder/dcm4chee-2.17.1-psql/server/default/lib/jboss-transaction.jar, to ucl: org.jboss.mx.loading.UnifiedClassLoader3@781a867b{ url=null ,addedOrder=2}
14:43:02,573 DEBUG [RepositoryClassLoader] Added url: file:/mnt/c/Users/Ajay.K/desktop/new-folder/dcm4chee-2.17.1-psql/server/default/lib/jboss-vfs.jar, to ucl: org.jboss.mx.loading.UnifiedClassLoader3@781a867b{ url=null ,addedOrder=2}
14:43:03,114 DEBUG [RepositoryClassLoader] Added url: file:/mnt/c/Users/Ajay.K/desktop/new-folder/dcm4chee-2.17.1-psql/server/default/lib/jboss.jar, to ucl: org.jboss.mx.loading.UnifiedClassLoader3@781a867b{ url=null ,addedOrder=2}
14:43:03,126 DEBUG [RepositoryClassLoader] Added url: file:/mnt/c/Users/Ajay.K/desktop/new-folder/dcm4chee-2.17.1-psql/server/default/lib/jbossjta-integration.jar, to ucl: org.jboss.mx.loading.UnifiedClassLoader3@781a867b{ url=null ,addedOrder=2}
14:43:03,272 DEBUG [RepositoryClassLoader] Added url: file:/mnt/c/Users/Ajay.K/desktop/new-folder/dcm4chee-2.17.1-psql/server/default/lib/jbossjta.jar, to ucl: org.jboss.mx.loading.UnifiedClassLoader3@781a867b{ url=null ,addedOrder=2}
14:43:03,358 DEBUG [RepositoryClassLoader] Added url: file:/mnt/c/Users/Ajay.K/desktop/new-folder/dcm4chee-2.17.1-psql/server/default/lib/jbosssx.jar, to ucl: org.jboss.mx.loading.UnifiedClassLoader3@781a867b{ url=null ,addedOrder=2}
14:43:03,389 DEBUG [RepositoryClassLoader] Added url: file:/mnt/c/Users/Ajay.K/desktop/new-folder/dcm4chee-2.17.1-psql/server/default/lib/jbossts-common.jar, to ucl: org.jboss.mx.loading.UnifiedClassLoader3@781a867b{ url=null ,addedOrder=2}
14:43:03,411 DEBUG [RepositoryClassLoader] Added url: file:/mnt/c/Users/Ajay.K/desktop/new-folder/dcm4chee-2.17.1-psql/server/default/lib/jbossws-common.jar, to ucl: org.jboss.mx.loading.UnifiedClassLoader3@781a867b{ url=null ,addedOrder=2}
14:43:03,438 DEBUG [RepositoryClassLoader] Added url: file:/mnt/c/Users/Ajay.K/desktop/new-folder/dcm4chee-2.17.1-psql/server/default/lib/jbossws-framework.jar, to ucl: org.jboss.mx.loading.UnifiedClassLoader3@781a867b{ url=null ,addedOrder=2}
14:43:03,462 DEBUG [RepositoryClassLoader] Added url: file:/mnt/c/Users/Ajay.K/desktop/new-folder/dcm4chee-2.17.1-psql/server/default/lib/jbossws-jboss42.jar, to ucl: org.jboss.mx.loading.UnifiedClassLoader3@781a867b{ url=null ,addedOrder=2}
14:43:03,495 DEBUG [RepositoryClassLoader] Added url: file:/mnt/c/Users/Ajay.K/desktop/new-folder/dcm4chee-2.17.1-psql/server/default/lib/jbossws-spi.jar, to ucl: org.jboss.mx.loading.UnifiedClassLoader3@781a867b{ url=null ,addedOrder=2}
14:43:03,508 DEBUG [RepositoryClassLoader] Added url: file:/mnt/c/Users/Ajay.K/desktop/new-folder/dcm4chee-2.17.1-psql/server/default/lib/jmx-adaptor-plugin.jar, to ucl: org.jboss.mx.loading.UnifiedClassLoader3@781a867b{ url=null ,addedOrder=2}
14:43:03,526 DEBUG [RepositoryClassLoader] Added url: file:/mnt/c/Users/Ajay.K/desktop/new-folder/dcm4chee-2.17.1-psql/server/default/lib/jnpserver.jar, to ucl: org.jboss.mx.loading.UnifiedClassLoader3@781a867b{ url=null ,addedOrder=2}
14:43:03,550 DEBUG [RepositoryClassLoader] Added url: file:/mnt/c/Users/Ajay.K/desktop/new-folder/dcm4chee-2.17.1-psql/server/default/lib/joesnmp.jar, to ucl: org.jboss.mx.loading.UnifiedClassLoader3@781a867b{ url=null ,addedOrder=2}
14:43:03,573 DEBUG [RepositoryClassLoader] Added url: file:/mnt/c/Users/Ajay.K/desktop/new-folder/dcm4chee-2.17.1-psql/server/default/lib/jsp-api.jar, to ucl: org.jboss.mx.loading.UnifiedClassLoader3@781a867b{ url=null ,addedOrder=2}
14:43:03,584 DEBUG [RepositoryClassLoader] Added url: file:/mnt/c/Users/Ajay.K/desktop/new-folder/dcm4chee-2.17.1-psql/server/default/lib/log4j-snmp-appender.jar, to ucl: org.jboss.mx.loading.UnifiedClassLoader3@781a867b{ url=null ,addedOrder=2}
14:43:03,681 DEBUG [RepositoryClassLoader] Added url: file:/mnt/c/Users/Ajay.K/desktop/new-folder/dcm4chee-2.17.1-psql/server/default/lib/log4j.jar, to ucl: org.jboss.mx.loading.UnifiedClassLoader3@781a867b{ url=null ,addedOrder=2}
14:43:03,687 DEBUG [RepositoryClassLoader] Added url: file:/mnt/c/Users/Ajay.K/desktop/new-folder/dcm4chee-2.17.1-psql/server/default/lib/mail-plugin.jar, to ucl: org.jboss.mx.loading.UnifiedClassLoader3@781a867b{ url=null ,addedOrder=2}
14:43:03,791 DEBUG [RepositoryClassLoader] Added url: file:/mnt/c/Users/Ajay.K/desktop/new-folder/dcm4chee-2.17.1-psql/server/default/lib/mail.jar, to ucl: org.jboss.mx.loading.UnifiedClassLoader3@781a867b{ url=null ,addedOrder=2}
14:43:03,924 DEBUG [RepositoryClassLoader] Added url: file:/mnt/c/Users/Ajay.K/desktop/new-folder/dcm4chee-2.17.1-psql/server/default/lib/postgresql-9.1-901.jdbc4.jar, to ucl: org.jboss.mx.loading.UnifiedClassLoader3@781a867b{ url=null ,addedOrder=2}
14:43:03,930 DEBUG [RepositoryClassLoader] Added url: file:/mnt/c/Users/Ajay.K/desktop/new-folder/dcm4chee-2.17.1-psql/server/default/lib/properties-plugin.jar, to ucl: org.jboss.mx.loading.UnifiedClassLoader3@781a867b{ url=null ,addedOrder=2}
14:43:04,028 DEBUG [RepositoryClassLoader] Added url: file:/mnt/c/Users/Ajay.K/desktop/new-folder/dcm4chee-2.17.1-psql/server/default/lib/quartz.jar, to ucl: org.jboss.mx.loading.UnifiedClassLoader3@781a867b{ url=null ,addedOrder=2}
14:43:04,034 DEBUG [RepositoryClassLoader] Added url: file:/mnt/c/Users/Ajay.K/desktop/new-folder/dcm4chee-2.17.1-psql/server/default/lib/scheduler-plugin-example.jar, to ucl: org.jboss.mx.loading.UnifiedClassLoader3@781a867b{ url=null ,addedOrder=2}
14:43:04,050 DEBUG [RepositoryClassLoader] Added url: file:/mnt/c/Users/Ajay.K/desktop/new-folder/dcm4chee-2.17.1-psql/server/default/lib/scheduler-plugin.jar, to ucl: org.jboss.mx.loading.UnifiedClassLoader3@781a867b{ url=null ,addedOrder=2}
14:43:04,077 DEBUG [RepositoryClassLoader] Added url: file:/mnt/c/Users/Ajay.K/desktop/new-folder/dcm4chee-2.17.1-psql/server/default/lib/servlet-api.jar, to ucl: org.jboss.mx.loading.UnifiedClassLoader3@781a867b{ url=null ,addedOrder=2}
14:43:04,087 DEBUG [RepositoryClassLoader] Added url: file:/mnt/c/Users/Ajay.K/desktop/new-folder/dcm4chee-2.17.1-psql/server/default/lib/slf4j-api-1.6.1.jar, to ucl: org.jboss.mx.loading.UnifiedClassLoader3@781a867b{ url=null ,addedOrder=2}
14:43:04,092 DEBUG [RepositoryClassLoader] Added url: file:/mnt/c/Users/Ajay.K/desktop/new-folder/dcm4chee-2.17.1-psql/server/default/lib/slf4j-log4j12-1.6.1.jar, to ucl: org.jboss.mx.loading.UnifiedClassLoader3@781a867b{ url=null ,addedOrder=2}
14:43:04,102 DEBUG [RepositoryClassLoader] Added url: file:/mnt/c/Users/Ajay.K/desktop/new-folder/dcm4chee-2.17.1-psql/server/default/lib/xhl7.jar, to ucl: org.jboss.mx.loading.UnifiedClassLoader3@781a867b{ url=null ,addedOrder=2}
14:43:04,133 DEBUG [RepositoryClassLoader] Added url: file:/mnt/c/Users/Ajay.K/desktop/new-folder/dcm4chee-2.17.1-psql/server/default/lib/xml-apis-ext-1.3.04.jar, to ucl: org.jboss.mx.loading.UnifiedClassLoader3@781a867b{ url=null ,addedOrder=2}
14:43:04,137 DEBUG [RepositoryClassLoader] Added url: file:/mnt/c/Users/Ajay.K/desktop/new-folder/dcm4chee-2.17.1-psql/server/default/lib/xmlentitymgr.jar, to ucl: org.jboss.mx.loading.UnifiedClassLoader3@781a867b{ url=null ,addedOrder=2}
14:43:04,279 DEBUG [RepositoryClassLoader] Added url: file:/mnt/c/Users/Ajay.K/desktop/new-folder/dcm4chee-2.17.1-psql/server/default/lib/xmlgraphics-commons-1.3.1.jar, to ucl: org.jboss.mx.loading.UnifiedClassLoader3@781a867b{ url=null ,addedOrder=2}
14:43:04,281 DEBUG [MainDeployer] found 0 subpackages of file:/mnt/c/Users/Ajay.K/desktop/new-folder/dcm4chee-2.17.1-psql/server/default/conf/jboss-service.xml
14:43:04,284 DEBUG [MainDeployer] Watching new file: file:/mnt/c/Users/Ajay.K/desktop/new-folder/dcm4chee-2.17.1-psql/server/default/conf/jboss-service.xml
14:43:04,284 DEBUG [MainDeployer] create step for deployment file:/mnt/c/Users/Ajay.K/desktop/new-folder/dcm4chee-2.17.1-psql/server/default/conf/jboss-service.xml
14:43:04,284 DEBUG [SARDeployer] Deploying SAR, create step: url file:/mnt/c/Users/Ajay.K/desktop/new-folder/dcm4chee-2.17.1-psql/server/default/conf/jboss-service.xml
14:43:04,285 DEBUG [SARDeployer] Registering service UCL=jmx.loading:UCL=781a867b
14:43:04,286 DEBUG [ServiceCreator] About to create bean: jboss.management.local:j2eeType=J2EEDomain,name=Manager with code: org.jboss.management.j2ee.LocalJBossServerDomain
14:43:04,873 DEBUG [ServiceCreator] Created bean: jboss.management.local:j2eeType=J2EEDomain,name=Manager
14:43:04,877 DEBUG [ServiceConfigurator] MainDeployer set to jboss.system:service=MainDeployer in jboss.management.local:j2eeType=J2EEDomain,name=Manager
14:43:04,878 DEBUG [ServiceConfigurator] SARDeployer set to jboss.system:service=ServiceDeployer in jboss.management.local:j2eeType=J2EEDomain,name=Manager
14:43:04,878 DEBUG [ServiceConfigurator] EARDeployer set to jboss.j2ee:service=EARDeployer in jboss.management.local:j2eeType=J2EEDomain,name=Manager
14:43:04,879 DEBUG [ServiceConfigurator] EJBDeployer set to jboss.ejb:service=EJBDeployer in jboss.management.local:j2eeType=J2EEDomain,name=Manager
14:43:04,879 DEBUG [ServiceConfigurator] RARDeployer set to jboss.jca:service=RARDeployer in jboss.management.local:j2eeType=J2EEDomain,name=Manager
14:43:04,880 DEBUG [ServiceConfigurator] CMDeployer set to jboss.jca:service=ConnectionFactoryDeployer in jboss.management.local:j2eeType=J2EEDomain,name=Manager
14:43:04,880 DEBUG [ServiceConfigurator] WARDeployer set to jboss.web:service=WebServer in jboss.management.local:j2eeType=J2EEDomain,name=Manager
14:43:04,881 DEBUG [ServiceConfigurator] CARDeployer set to jboss.j2ee:service=ClientDeployer in jboss.management.local:j2eeType=J2EEDomain,name=Manager
14:43:04,881 DEBUG [ServiceConfigurator] MailService set to jboss:service=Mail in jboss.management.local:j2eeType=J2EEDomain,name=Manager
14:43:04,882 DEBUG [ServiceConfigurator] JNDIService set to jboss:service=Naming in jboss.management.local:j2eeType=J2EEDomain,name=Manager
14:43:04,882 DEBUG [ServiceConfigurator] JTAService set to jboss:service=TransactionManager in jboss.management.local:j2eeType=J2EEDomain,name=Manager
14:43:04,882 DEBUG [ServiceConfigurator] UserTransactionService set to jboss:service=ClientUserTransaction in jboss.management.local:j2eeType=J2EEDomain,name=Manager
14:43:04,883 DEBUG [ServiceConfigurator] RMI_IIOPService set to jboss:service=CorbaORB in jboss.management.local:j2eeType=J2EEDomain,name=Manager
14:43:04,883 DEBUG [ServiceCreator] About to create xmbean object: jboss:service=AttributePersistenceService with code: org.jboss.system.pm.AttributePersistenceService with descriptor: resource:xmdesc/AttributePersistenceService-xmbean.xml
14:43:04,905 DEBUG [ModelMBeanInvoker] Loaded persistence mgr: org.jboss.mx.persistence.ObjectStreamPersistenceManager
14:43:04,905 DEBUG [ObjectStreamPersistenceManager] load, resource:org.jboss.system.pm.AttributePersistenceService@446c4c13
14:43:04,907 DEBUG [ObjectStreamPersistenceManager] Store file is: /mnt/c/Users/Ajay.K/desktop/new-folder/dcm4chee-2.17.1-psql/server/default/data/xmbean-attrs/AttributePersistenceService.ser
14:43:04,907 DEBUG [ServiceCreator] Created bean: jboss:service=AttributePersistenceService
14:43:04,907 DEBUG [ServiceCreator] About to create bean: jboss.system:service=ThreadPool with code: org.jboss.util.threadpool.BasicThreadPool
14:43:04,924 DEBUG [ServiceCreator] Created bean: jboss.system:service=ThreadPool
14:43:04,925 DEBUG [ServiceConfigurator] Name set to JBoss System Threads in jboss.system:service=ThreadPool
14:43:04,925 DEBUG [ServiceConfigurator] ThreadGroupName set to System Threads in jboss.system:service=ThreadPool
14:43:04,926 DEBUG [ServiceConfigurator] KeepAliveTime set to 60000 in jboss.system:service=ThreadPool
14:43:04,926 DEBUG [ServiceConfigurator] MaximumPoolSize set to 10 in jboss.system:service=ThreadPool
14:43:04,927 DEBUG [ServiceConfigurator] MaximumQueueSize set to 1000 in jboss.system:service=ThreadPool
14:43:04,928 DEBUG [ServiceConfigurator] BlockingMode set to run in jboss.system:service=ThreadPool
14:43:04,929 DEBUG [ServiceCreator] About to create xmbean object: jboss.system:type=Log4jService,service=Logging with code: org.jboss.logging.Log4jService with descriptor: resource:xmdesc/Log4jService-xmbean.xml
14:43:04,952 DEBUG [ServiceCreator] Created bean: jboss.system:type=Log4jService,service=Logging
14:43:04,954 DEBUG [ServiceConfigurator] ConfigurationURL set to resource:jboss-log4j.xml in jboss.system:type=Log4jService,service=Logging
14:43:04,955 DEBUG [ServiceConfigurator] Log4jQuietMode set to true in jboss.system:type=Log4jService,service=Logging
14:43:04,955 DEBUG [ServiceConfigurator] RefreshPeriod set to 60 in jboss.system:type=Log4jService,service=Logging
14:43:04,955 DEBUG [ServiceCreator] About to create bean: jboss.monitor:service=ActiveAlarmTable with code: org.jboss.monitor.services.ActiveAlarmTable
14:43:04,966 DEBUG [ServiceCreator] Created bean: jboss.monitor:service=ActiveAlarmTable
14:43:04,972 DEBUG [ServiceConfigurator] SubscriptionList set to [subscription-list: null] in jboss.monitor:service=ActiveAlarmTable
14:43:04,973 DEBUG [ServiceCreator] About to create bean: jboss.rmi:type=RMIClassLoader with code: org.jboss.util.property.jmx.SystemPropertyClassValue
14:43:04,976 DEBUG [ServiceCreator] Created bean: jboss.rmi:type=RMIClassLoader
14:43:04,976 DEBUG [ServiceConfigurator] Property set to java.rmi.server.RMIClassLoaderSpi in jboss.rmi:type=RMIClassLoader
14:43:04,976 DEBUG [ServiceConfigurator] ClassName set to org.jboss.system.JBossRMIClassLoader in jboss.rmi:type=RMIClassLoader
14:43:04,977 DEBUG [ServiceCreator] About to create bean: jboss:service=WebService with code: org.jboss.web.WebService
14:43:04,981 DEBUG [ServiceCreator] Created bean: jboss:service=WebService
14:43:04,982 DEBUG [ServiceConfigurator] BindAddress set to 0.0.0.0 in jboss:service=WebService
14:43:04,982 DEBUG [ServiceConfigurator] Port set to 8083 in jboss:service=WebService
14:43:04,982 DEBUG [ServiceConfigurator] Host set to YSI0133.Youngsoftindia.local in jboss:service=WebService
14:43:04,983 DEBUG [ServiceConfigurator] DownloadServerClasses set to true in jboss:service=WebService
14:43:04,983 DEBUG [ServiceConfigurator] DownloadResources set to false in jboss:service=WebService
14:43:04,983 DEBUG [ServiceController] recording that jboss:service=WebService depends on jboss.system:service=ThreadPool
14:43:04,983 DEBUG [ServiceConfigurator] considering ThreadPool with object name jboss.system:service=ThreadPool
14:43:04,985 DEBUG [ServiceCreator] About to create xmbean object: jboss:service=NamingBeanImpl with code: org.jnp.server.NamingBeanImpl with descriptor: resource:xmdesc/NamingBean-xmbean.xml
14:43:05,004 DEBUG [ServiceCreator] Created bean: jboss:service=NamingBeanImpl
14:43:05,004 DEBUG [ServiceCreator] About to create xmbean object: jboss:service=Naming with code: org.jboss.naming.NamingService with descriptor: resource:xmdesc/NamingService-xmbean.xml
14:43:05,029 DEBUG [ModelMBeanInvoker] Ignoring obsolete legacy interceptor: org.jboss.mx.interceptor.PersistenceInterceptor2
14:43:05,029 DEBUG [ModelMBeanInvoker] Ignoring obsolete legacy interceptor: org.jboss.mx.interceptor.ModelMBeanInterceptor
14:43:05,029 DEBUG [ModelMBeanInvoker] Ignoring obsolete legacy interceptor: org.jboss.mx.interceptor.ObjectReferenceInterceptor
14:43:05,029 DEBUG [ServiceCreator] Created bean: jboss:service=Naming
14:43:05,030 DEBUG [ServiceConfigurator] CallByValue set to false in jboss:service=Naming
14:43:05,031 DEBUG [ServiceConfigurator] Port set to 1099 in jboss:service=Naming
14:43:05,032 DEBUG [ServiceConfigurator] BindAddress set to 0.0.0.0 in jboss:service=Naming
14:43:05,032 DEBUG [ServiceConfigurator] RmiPort set to 1098 in jboss:service=Naming
14:43:05,032 DEBUG [ServiceConfigurator] RmiBindAddress set to 0.0.0.0 in jboss:service=Naming
14:43:05,033 DEBUG [ServiceController] recording that jboss:service=Naming depends on jboss.system:service=ThreadPool
14:43:05,033 DEBUG [ServiceConfigurator] considering LookupPool with object name jboss.system:service=ThreadPool
14:43:05,035 DEBUG [ServiceController] recording that jboss:service=Naming depends on jboss:service=NamingBeanImpl
14:43:05,035 DEBUG [ServiceConfigurator] considering Naming with object name jboss:service=NamingBeanImpl
14:43:05,036 DEBUG [ServiceCreator] About to create xmbean object: jboss:service=JNDIView with code: org.jboss.naming.JNDIView with descriptor: resource:xmdesc/JNDIView-xmbean.xml
14:43:05,058 DEBUG [ServiceCreator] Created bean: jboss:service=JNDIView
14:43:05,059 DEBUG [ServiceConfigurator] HANamingService set to jboss:service=HAJNDI in jboss:service=JNDIView
14:43:05,059 DEBUG [ServiceCreator] About to create bean: jboss.security:service=SecurityConfig with code: org.jboss.security.plugins.SecurityConfig
14:43:05,063 DEBUG [ServiceCreator] Created bean: jboss.security:service=SecurityConfig
14:43:05,064 DEBUG [ServiceConfigurator] LoginConfig set to jboss.security:service=XMLLoginConfig in jboss.security:service=SecurityConfig
14:43:05,064 DEBUG [ServiceCreator] About to create bean: jboss.security:service=XMLLoginConfig with code: org.jboss.security.auth.login.XMLLoginConfig
14:43:05,070 DEBUG [ServiceCreator] Created bean: jboss.security:service=XMLLoginConfig
14:43:05,071 DEBUG [ServiceConfigurator] ConfigResource set to login-config.xml in jboss.security:service=XMLLoginConfig
14:43:05,072 DEBUG [ServiceCreator] About to create bean: jboss.security:service=JaasSecurityManager with code: org.jboss.security.plugins.JaasSecurityManagerService
14:43:05,089 DEBUG [ServiceCreator] Created bean: jboss.security:service=JaasSecurityManager
14:43:05,090 DEBUG [ServiceConfigurator] ServerMode set to true in jboss.security:service=JaasSecurityManager
14:43:05,090 DEBUG [ServiceConfigurator] SecurityManagerClassName set to org.jboss.security.plugins.JaasSecurityManager in jboss.security:service=JaasSecurityManager
14:43:05,091 DEBUG [ServiceConfigurator] DefaultUnauthenticatedPrincipal set to anonymous in jboss.security:service=JaasSecurityManager
14:43:05,091 DEBUG [ServiceConfigurator] DefaultCacheTimeout set to 1800 in jboss.security:service=JaasSecurityManager
14:43:05,092 DEBUG [ServiceConfigurator] DefaultCacheResolution set to 60 in jboss.security:service=JaasSecurityManager
14:43:05,092 DEBUG [ServiceConfigurator] DeepCopySubjectMode set to false in jboss.security:service=JaasSecurityManager
14:43:05,092 DEBUG [JaasSecurityManagerService] setDeepCopySubjectMode=false
14:43:05,093 DEBUG [ServiceCreator] About to create bean: jboss:service=XidFactory with code: org.jboss.tm.XidFactory
14:43:05,100 DEBUG [ServiceCreator] Created bean: jboss:service=XidFactory
14:43:05,101 DEBUG [ServiceCreator] About to create bean: jboss:service=TransactionManager with code: com.arjuna.ats.jbossatx.jta.TransactionManagerService
14:43:05,169 DEBUG [ServiceCreator] Created bean: jboss:service=TransactionManager
14:43:05,169 DEBUG [ServiceConfigurator] TransactionTimeout set to 300 in jboss:service=TransactionManager
14:43:05,170 DEBUG [ServiceConfigurator] ObjectStoreDir set to /mnt/c/Users/Ajay.K/desktop/new-folder/dcm4chee-2.17.1-psql/server/default/data/tx-object-store in jboss:service=TransactionManager
14:43:05,170 DEBUG [ServiceCreator] About to create xmbean object: jboss:service=ClientUserTransaction with code: org.jboss.tm.usertx.server.ClientUserTransactionService with descriptor: resource:xmdesc/ClientUserTransaction-xmbean.xml
14:43:05,186 DEBUG [ServiceCreator] Created bean: jboss:service=ClientUserTransaction
14:43:05,187 DEBUG [ServiceCreator] About to create bean: jboss:service=proxyFactory,target=ClientUserTransactionFactory with code: org.jboss.invocation.jrmp.server.JRMPProxyFactory
14:43:05,191 DEBUG [ServiceCreator] Created bean: jboss:service=proxyFactory,target=ClientUserTransactionFactory
14:43:05,192 DEBUG [ServiceConfigurator] InvokerName set to jboss:service=invoker,type=unified in jboss:service=proxyFactory,target=ClientUserTransactionFactory
14:43:05,192 DEBUG [ServiceConfigurator] TargetName set to jboss:service=ClientUserTransaction in jboss:service=proxyFactory,target=ClientUserTransactionFactory
14:43:05,192 DEBUG [ServiceConfigurator] JndiName set to UserTransactionSessionFactory in jboss:service=proxyFactory,target=ClientUserTransactionFactory
14:43:05,194 DEBUG [ServiceConfigurator] ExportedInterface set to interface org.jboss.tm.usertx.interfaces.UserTransactionSessionFactory in jboss:service=proxyFactory,target=ClientUserTransactionFactory
14:43:05,196 DEBUG [ServiceConfigurator] ClientInterceptors set to [interceptors: null] in jboss:service=proxyFactory,target=ClientUserTransactionFactory
14:43:05,198 DEBUG [JRMPProxyFactory] added interceptor type: class org.jboss.proxy.ClientMethodInterceptor
14:43:05,198 DEBUG [JRMPProxyFactory] added interceptor type: class org.jboss.invocation.InvokerInterceptor
14:43:05,198 DEBUG [ServiceController] recording that jboss:service=proxyFactory,target=ClientUserTransactionFactory depends on jboss:service=invoker,type=unified
14:43:05,199 DEBUG [ServiceConfigurator] considering <anonymous> with object name jboss:service=invoker,type=unified
14:43:05,199 DEBUG [ServiceController] recording that jboss:service=ClientUserTransaction depends on jboss:service=proxyFactory,target=ClientUserTransactionFactory
14:43:05,199 DEBUG [ServiceConfigurator] considering <anonymous> with object name jboss:service=proxyFactory,target=ClientUserTransactionFactory
14:43:05,199 DEBUG [ServiceCreator] About to create bean: jboss:service=proxyFactory,target=ClientUserTransaction with code: org.jboss.invocation.jrmp.server.JRMPProxyFactory
14:43:05,200 DEBUG [ServiceCreator] Created bean: jboss:service=proxyFactory,target=ClientUserTransaction
14:43:05,200 DEBUG [ServiceConfigurator] InvokerName set to jboss:service=invoker,type=unified in jboss:service=proxyFactory,target=ClientUserTransaction
14:43:05,201 DEBUG [ServiceConfigurator] TargetName set to jboss:service=ClientUserTransaction in jboss:service=proxyFactory,target=ClientUserTransaction
14:43:05,202 DEBUG [ServiceConfigurator] ExportedInterface set to interface org.jboss.tm.usertx.interfaces.UserTransactionSession in jboss:service=proxyFactory,target=ClientUserTransaction
14:43:05,204 DEBUG [ServiceConfigurator] ClientInterceptors set to [interceptors: null] in jboss:service=proxyFactory,target=ClientUserTransaction
14:43:05,204 DEBUG [JRMPProxyFactory] added interceptor type: class org.jboss.proxy.ClientMethodInterceptor
14:43:05,204 DEBUG [JRMPProxyFactory] added interceptor type: class org.jboss.invocation.InvokerInterceptor
14:43:05,205 DEBUG [ServiceController] recording that jboss:service=proxyFactory,target=ClientUserTransaction depends on jboss:service=invoker,type=unified
14:43:05,205 DEBUG [ServiceConfigurator] considering <anonymous> with object name jboss:service=invoker,type=unified
14:43:05,205 DEBUG [ServiceController] recording that jboss:service=ClientUserTransaction depends on jboss:service=proxyFactory,target=ClientUserTransaction
14:43:05,205 DEBUG [ServiceConfigurator] considering TxProxyName with object name jboss:service=proxyFactory,target=ClientUserTransaction
14:43:05,205 DEBUG [ServiceCreator] About to create bean: jboss:service=invoker,type=unified with code: org.jboss.invocation.unified.server.UnifiedInvoker
14:43:05,216 DEBUG [ServiceCreator] Created bean: jboss:service=invoker,type=unified
14:43:05,217 DEBUG [ServiceController] recording that jboss:service=invoker,type=unified depends on jboss:service=TransactionManager
14:43:05,217 DEBUG [ServiceConfigurator] considering <anonymous> with object name jboss:service=TransactionManager
14:43:05,217 DEBUG [ServiceController] recording that jboss:service=invoker,type=unified depends on jboss.remoting:service=Connector,transport=socket
14:43:05,217 DEBUG [ServiceConfigurator] considering <anonymous> with object name jboss.remoting:service=Connector,transport=socket
14:43:05,218 DEBUG [ServiceCreator] About to create bean: jboss:service=invoker,type=jrmp with code: org.jboss.invocation.jrmp.server.JRMPInvoker
14:43:05,226 DEBUG [ServiceCreator] Created bean: jboss:service=invoker,type=jrmp
14:43:05,226 DEBUG [ServiceConfigurator] RMIObjectPort set to 4444 in jboss:service=invoker,type=jrmp
14:43:05,227 DEBUG [ServiceConfigurator] ServerAddress set to 0.0.0.0 in jboss:service=invoker,type=jrmp
14:43:05,227 DEBUG [ServiceController] recording that jboss:service=invoker,type=jrmp depends on jboss:service=TransactionManager
14:43:05,228 DEBUG [ServiceConfigurator] considering <anonymous> with object name jboss:service=TransactionManager
14:43:05,228 DEBUG [ServiceCreator] About to create bean: jboss:service=invoker,type=local with code: org.jboss.invocation.local.LocalInvoker
14:43:05,232 DEBUG [ServiceCreator] Created bean: jboss:service=invoker,type=local
14:43:05,233 DEBUG [ServiceController] recording that jboss:service=invoker,type=local depends on jboss:service=TransactionManager
14:43:05,233 DEBUG [ServiceConfigurator] considering <anonymous> with object name jboss:service=TransactionManager
14:43:05,233 DEBUG [ServiceCreator] About to create bean: jboss:service=invoker,type=pooled with code: org.jboss.invocation.pooled.server.PooledInvoker
14:43:05,241 DEBUG [ServiceCreator] Created bean: jboss:service=invoker,type=pooled
14:43:05,241 DEBUG [ServiceConfigurator] NumAcceptThreads set to 1 in jboss:service=invoker,type=pooled
14:43:05,242 DEBUG [ServiceConfigurator] MaxPoolSize set to 300 in jboss:service=invoker,type=pooled
14:43:05,242 DEBUG [ServiceConfigurator] ClientMaxPoolSize set to 300 in jboss:service=invoker,type=pooled
14:43:05,242 DEBUG [ServiceConfigurator] SocketTimeout set to 60000 in jboss:service=invoker,type=pooled
14:43:05,243 DEBUG [ServiceConfigurator] ServerBindAddress set to 0.0.0.0 in jboss:service=invoker,type=pooled
14:43:05,244 DEBUG [ServiceConfigurator] ServerBindPort set to 4445 in jboss:service=invoker,type=pooled
14:43:05,244 DEBUG [ServiceConfigurator] ClientConnectAddress set to 0.0.0.0 in jboss:service=invoker,type=pooled
14:43:05,245 DEBUG [ServiceConfigurator] ClientConnectPort set to 0 in jboss:service=invoker,type=pooled
14:43:05,245 DEBUG [ServiceConfigurator] ClientRetryCount set to 1 in jboss:service=invoker,type=pooled
14:43:05,246 DEBUG [ServiceConfigurator] EnableTcpNoDelay set to false in jboss:service=invoker,type=pooled
14:43:05,246 DEBUG [ServiceController] recording that jboss:service=invoker,type=pooled depends on jboss:service=TransactionManager
14:43:05,246 DEBUG [ServiceConfigurator] considering TransactionManagerService with object name jboss:service=TransactionManager
14:43:05,247 DEBUG [ServiceCreator] About to create bean: jboss.remoting:service=NetworkRegistry with code: org.jboss.remoting.network.NetworkRegistry
14:43:05,261 DEBUG [ServiceCreator] Created bean: jboss.remoting:service=NetworkRegistry
14:43:05,261 DEBUG [ServiceCreator] About to create bean: jboss.remoting:service=Connector,transport=socket with code: org.jboss.remoting.transport.Connector
14:43:05,265 DEBUG [ServiceCreator] Created bean: jboss.remoting:service=Connector,transport=socket
14:43:05,267 DEBUG [ServiceConfigurator] Configuration set to [config: null] in jboss.remoting:service=Connector,transport=socket
14:43:05,268 DEBUG [ServiceController] recording that jboss.remoting:service=Connector,transport=socket depends on jboss.remoting:service=NetworkRegistry
14:43:05,268 DEBUG [ServiceConfigurator] considering <anonymous> with object name jboss.remoting:service=NetworkRegistry
14:43:05,268 DEBUG [ServiceCreator] About to create bean: jboss.jdbc:service=metadata with code: org.jboss.ejb.plugins.cmp.jdbc.metadata.MetaDataLibrary
14:43:05,271 DEBUG [ServiceCreator] Created bean: jboss.jdbc:service=metadata
14:43:05,272 DEBUG [ServiceCreator] About to create bean: jboss.deployment:type=DeploymentScanner,flavor=URL with code: org.jboss.deployment.scanner.URLDeploymentScanner
14:43:05,278 DEBUG [ServiceCreator] Created bean: jboss.deployment:type=DeploymentScanner,flavor=URL
14:43:05,278 DEBUG [ServiceController] recording that jboss.deployment:type=DeploymentScanner,flavor=URL depends on jboss.system:service=MainDeployer
14:43:05,279 DEBUG [ServiceConfigurator] considering Deployer with object name jboss.system:service=MainDeployer
14:43:05,280 DEBUG [ServiceConfigurator] URLComparator set to org.jboss.deployment.DeploymentSorter in jboss.deployment:type=DeploymentScanner,flavor=URL
14:43:05,285 DEBUG [ServiceConfigurator] FilterInstance set to org.jboss.deployment.scanner.DeploymentFilter@71ebf1e5 in jboss.deployment:type=DeploymentScanner,flavor=URL
14:43:05,285 DEBUG [ServiceConfigurator] ScanPeriod set to 5000 in jboss.deployment:type=DeploymentScanner,flavor=URL
14:43:05,285 DEBUG [ServiceConfigurator] ScanEnabled set to true in jboss.deployment:type=DeploymentScanner,flavor=URL
14:43:05,286 DEBUG [ServiceConfigurator] URLs set to deploy/ in jboss.deployment:type=DeploymentScanner,flavor=URL
14:43:05,286 DEBUG [URLDeploymentScanner] Adding URL from spec: deploy/
14:43:05,286 DEBUG [URLDeploymentScanner] URL: file:/mnt/c/Users/Ajay.K/desktop/new-folder/dcm4chee-2.17.1-psql/server/default/deploy/
14:43:05,287 DEBUG [URLDeploymentScanner] Added url: file:/mnt/c/Users/Ajay.K/desktop/new-folder/dcm4chee-2.17.1-psql/server/default/deploy/
14:43:05,287 DEBUG [URLDeploymentScanner] URL list: [file:/mnt/c/Users/Ajay.K/desktop/new-folder/dcm4chee-2.17.1-psql/server/default/deploy/]
14:43:05,287 DEBUG [ServiceConfigurator] RecursiveSearch set to true in jboss.deployment:type=DeploymentScanner,flavor=URL
14:43:05,288 DEBUG [ServiceController] Creating service jboss.management.local:j2eeType=J2EEDomain,name=Manager
14:43:05,288 DEBUG [LocalJBossServerDomain] Creating jboss.management.local:j2eeType=J2EEDomain,name=Manager
14:43:05,288 DEBUG [LocalJBossServerDomain] setupJ2EEMBeans(), create J2EEServer instance
14:43:05,292 DEBUG [J2EEDomain] ctor, name: jboss.management.local:name=jboss.management.local,j2eeType=J2EEDomain
14:43:05,295 DEBUG [J2EEDomain] postRegister(), parent: null
14:43:05,303 DEBUG [J2EEServer] postRegister(), parent: jboss.management.local:j2eeType=J2EEDomain,name=jboss.management.local
14:43:05,321 DEBUG [JVM] postRegister(), parent: jboss.management.local:j2eeType=J2EEServer,name=Local
14:43:05,325 DEBUG [LocalJBossServerDomain] Registered as listener of: jboss.system:service=ServiceController
14:43:05,334 DEBUG [LocalJBossServerDomain] Registering with all deployers, mainDeployer=jboss.system:service=MainDeployer
14:43:05,334 DEBUG [LocalJBossServerDomain] Getting current deployers
14:43:05,335 DEBUG [LocalJBossServerDomain] Registering as listener of deployer: jboss.system:service=ServiceDeployer
14:43:05,335 DEBUG [LocalJBossServerDomain] Registering as listener of deployer: jboss.system:service=JARDeployer
14:43:05,335 DEBUG [LocalJBossServerDomain] Created jboss.management.local:j2eeType=J2EEDomain,name=Manager
14:43:05,336 DEBUG [LocalJBossServerDomain] handleNotification: javax.management.Notification[source=jboss.system:service=ServiceController][type=org.jboss.system.ServiceMBean.create][message=]
14:43:05,336 DEBUG [DefaultManagedObjectFactoryMap] Failed to find factory for event: javax.management.Notification[source=jboss.system:service=ServiceController][type=org.jboss.system.ServiceMBean.create][message=]
14:43:05,336 DEBUG [ServiceController] Creating dependent components for: jboss.management.local:j2eeType=J2EEDomain,name=Manager dependents are: []
14:43:05,336 DEBUG [ServiceController] Creating service jboss:service=AttributePersistenceService
14:43:05,337 DEBUG [AttributePersistenceService] Creating jboss:service=AttributePersistenceService
14:43:05,337 DEBUG [AttributePersistenceService] Created jboss:service=AttributePersistenceService
14:43:05,337 DEBUG [LocalJBossServerDomain] handleNotification: javax.management.Notification[source=jboss.system:service=ServiceController][type=org.jboss.system.ServiceMBean.create][message=]
14:43:05,337 DEBUG [DefaultManagedObjectFactoryMap] Failed to find factory for event: javax.management.Notification[source=jboss.system:service=ServiceController][type=org.jboss.system.ServiceMBean.create][message=]
14:43:05,338 DEBUG [ServiceController] Creating dependent components for: jboss:service=AttributePersistenceService dependents are: []
14:43:05,338 DEBUG [ServiceController] Creating service jboss.system:service=ThreadPool
14:43:05,338 DEBUG [LocalJBossServerDomain] handleNotification: javax.management.Notification[source=jboss.system:service=ServiceController][type=org.jboss.system.ServiceMBean.create][message=]
14:43:05,338 DEBUG [DefaultManagedObjectFactoryMap] Failed to find factory for event: javax.management.Notification[source=jboss.system:service=ServiceController][type=org.jboss.system.ServiceMBean.create][message=]
14:43:05,338 DEBUG [ServiceController] Creating dependent components for: jboss.system:service=ThreadPool dependents are: [ObjectName: jboss:service=WebService
  State: CONFIGURED
  I Depend On:
    jboss.system:service=ThreadPool
, ObjectName: jboss:service=Naming
  State: CONFIGURED
  I Depend On:
    jboss.system:service=ThreadPool
    jboss:service=NamingBeanImpl
]
14:43:05,339 DEBUG [ServiceController] Creating service jboss:service=WebService
14:43:05,339 DEBUG [WebService] Creating jboss:service=WebService
14:43:05,340 INFO  [WebService] Using RMI server codebase: http://YSI0133.Youngsoftindia.local:8083/
14:43:05,340 DEBUG [WebService] Created jboss:service=WebService
14:43:05,340 DEBUG [LocalJBossServerDomain] handleNotification: javax.management.Notification[source=jboss.system:service=ServiceController][type=org.jboss.system.ServiceMBean.create][message=]
14:43:05,340 DEBUG [DefaultManagedObjectFactoryMap] Failed to find factory for event: javax.management.Notification[source=jboss.system:service=ServiceController][type=org.jboss.system.ServiceMBean.create][message=]
14:43:05,340 DEBUG [ServiceController] Creating dependent components for: jboss:service=WebService dependents are: []
14:43:05,341 DEBUG [ServiceController] Creating service jboss:service=Naming
14:43:05,341 DEBUG [ServiceController] waiting in create of jboss:service=Naming waiting on jboss:service=NamingBeanImpl
14:43:05,341 DEBUG [ServiceController] Creating service jboss.system:type=Log4jService,service=Logging
14:43:05,341 DEBUG [Log4jService] Creating jboss.system:type=Log4jService,service=Logging
14:43:05,343 INFO  [Log4jService$URLWatchTimerTask] Configuring from URL: resource:jboss-log4j.xml
